TRACE::2021-12-08.19:46:24::SCWPlatform::Trying to open the hw design at C:/Users/andrew_clinkenbeard1/Box/SOC/project_workspace/final_project/hw/project_xsa.xsa
TRACE::2021-12-08.19:46:24::SCWPlatform::DSA given C:/Users/andrew_clinkenbeard1/Box/SOC/project_workspace/final_project/hw/project_xsa.xsa
TRACE::2021-12-08.19:46:24::SCWPlatform::DSA absoulate path C:/Users/andrew_clinkenbeard1/Box/SOC/project_workspace/final_project/hw/project_xsa.xsa
TRACE::2021-12-08.19:46:24::SCWPlatform::DSA directory C:/Users/andrew_clinkenbeard1/Box/SOC/project_workspace/final_project/hw
TRACE::2021-12-08.19:46:24::SCWPlatform:: Platform Path C:/Users/andrew_clinkenbeard1/Box/SOC/project_workspace/final_project/hw/project_xsa.xsa
TRACE::2021-12-08.19:46:24::SCWPlatform:: Unique name xilinx:nexys4_ddr::0.0
TRACE::2021-12-08.19:46:24::SCWPlatform::Do not have an existing db opened. 
TRACE::2021-12-08.19:46:24::SCWPlatform::Opened new HwDB with name mcs_top_vanilla_0
TRACE::2021-12-08.19:46:24::SCWWriter::formatted JSON is {
	"platformName":	"final_project",
	"sprVersion":	"2.0",
	"mode":	"gui",
	"dsaType":	"Fixed",
	"platformDesc":	"final_project",
	"platHandOff":	"C:/Users/andrew_clinkenbeard1/Box/SOC/Basic_FPro2/project_xsa.xsa",
	"platIntHandOff":	"<platformDir>/hw/project_xsa.xsa",
	"deviceType":	"FPGA",
	"platIsPrebuiltAutogen":	"false",
	"platIsNoBootBsp":	"false",
	"hasFsblMakeHasChanges":	"false",
	"hasPmufwMakeHasChanges":	"false",
	"platPreBuiltFlag":	false,
	"platformSamplesDir":	""
}
TRACE::2021-12-08.19:46:24::SCWWriter::formatted JSON is {
	"platformName":	"final_project",
	"sprVersion":	"2.0",
	"mode":	"gui",
	"dsaType":	"Fixed",
	"platformDesc":	"final_project",
	"platHandOff":	"C:/Users/andrew_clinkenbeard1/Box/SOC/Basic_FPro2/project_xsa.xsa",
	"platIntHandOff":	"<platformDir>/hw/project_xsa.xsa",
	"deviceType":	"FPGA",
	"platIsPrebuiltAutogen":	"false",
	"platIsNoBootBsp":	"false",
	"hasFsblMakeHasChanges":	"false",
	"hasPmufwMakeHasChanges":	"false",
	"platPreBuiltFlag":	false,
	"platformSamplesDir":	"",
	"platActiveSys":	"final_project",
	"systems":	[{
			"systemName":	"final_project",
			"systemDesc":	"final_project",
			"sysIsBootAutoGen":	"true",
			"systemDispName":	"final_project"
		}]
}
TRACE::2021-12-08.19:46:24::SCWPlatform::Boot application domains not present, creating them
TRACE::2021-12-08.19:46:24::SCWPlatform::Pure FPGA device, no boot application will be created.
TRACE::2021-12-08.19:46:24::SCWWriter::formatted JSON is {
	"platformName":	"final_project",
	"sprVersion":	"2.0",
	"mode":	"gui",
	"dsaType":	"Fixed",
	"platformDesc":	"final_project",
	"platHandOff":	"C:/Users/andrew_clinkenbeard1/Box/SOC/Basic_FPro2/project_xsa.xsa",
	"platIntHandOff":	"<platformDir>/hw/project_xsa.xsa",
	"deviceType":	"FPGA",
	"platIsPrebuiltAutogen":	"false",
	"platIsNoBootBsp":	"false",
	"hasFsblMakeHasChanges":	"false",
	"hasPmufwMakeHasChanges":	"false",
	"platPreBuiltFlag":	false,
	"platformSamplesDir":	"",
	"platActiveSys":	"final_project",
	"systems":	[{
			"systemName":	"final_project",
			"systemDesc":	"final_project",
			"sysIsBootAutoGen":	"true",
			"systemDispName":	"final_project"
		}]
}
TRACE::2021-12-08.19:46:24::SCWPlatform::Trying to open the hw design at C:/Users/andrew_clinkenbeard1/Box/SOC/project_workspace/final_project/hw/project_xsa.xsa
TRACE::2021-12-08.19:46:24::SCWPlatform::DSA given C:/Users/andrew_clinkenbeard1/Box/SOC/project_workspace/final_project/hw/project_xsa.xsa
TRACE::2021-12-08.19:46:24::SCWPlatform::DSA absoulate path C:/Users/andrew_clinkenbeard1/Box/SOC/project_workspace/final_project/hw/project_xsa.xsa
TRACE::2021-12-08.19:46:24::SCWPlatform::DSA directory C:/Users/andrew_clinkenbeard1/Box/SOC/project_workspace/final_project/hw
TRACE::2021-12-08.19:46:25::SCWPlatform:: Platform Path C:/Users/andrew_clinkenbeard1/Box/SOC/project_workspace/final_project/hw/project_xsa.xsa
TRACE::2021-12-08.19:46:25::SCWPlatform:: Unique name xilinx:nexys4_ddr::0.0
TRACE::2021-12-08.19:46:25::SCWPlatform::Trying to set the existing hwdb with name mcs_top_vanilla_0
TRACE::2021-12-08.19:46:25::SCWPlatform::Opened existing hwdb mcs_top_vanilla_0
TRACE::2021-12-08.19:46:25::SCWPlatform::Found the Hw Db part of the input DSA
TRACE::2021-12-08.19:46:25::SCWPlatform::Trying to open the hw design at C:/Users/andrew_clinkenbeard1/Box/SOC/project_workspace/final_project/hw/project_xsa.xsa
TRACE::2021-12-08.19:46:25::SCWPlatform::DSA given C:/Users/andrew_clinkenbeard1/Box/SOC/project_workspace/final_project/hw/project_xsa.xsa
TRACE::2021-12-08.19:46:25::SCWPlatform::DSA absoulate path C:/Users/andrew_clinkenbeard1/Box/SOC/project_workspace/final_project/hw/project_xsa.xsa
TRACE::2021-12-08.19:46:25::SCWPlatform::DSA directory C:/Users/andrew_clinkenbeard1/Box/SOC/project_workspace/final_project/hw
TRACE::2021-12-08.19:46:25::SCWPlatform:: Platform Path C:/Users/andrew_clinkenbeard1/Box/SOC/project_workspace/final_project/hw/project_xsa.xsa
TRACE::2021-12-08.19:46:25::SCWPlatform:: Unique name xilinx:nexys4_ddr::0.0
TRACE::2021-12-08.19:46:25::SCWPlatform::Trying to set the existing hwdb with name mcs_top_vanilla_0
TRACE::2021-12-08.19:46:25::SCWPlatform::Opened existing hwdb mcs_top_vanilla_0
TRACE::2021-12-08.19:46:25::SCWPlatform::Found the Hw Db part of the input DSA
TRACE::2021-12-08.19:46:25::SCWPlatform::Trying to open the hw design at C:/Users/andrew_clinkenbeard1/Box/SOC/project_workspace/final_project/hw/project_xsa.xsa
TRACE::2021-12-08.19:46:25::SCWPlatform::DSA given C:/Users/andrew_clinkenbeard1/Box/SOC/project_workspace/final_project/hw/project_xsa.xsa
TRACE::2021-12-08.19:46:25::SCWPlatform::DSA absoulate path C:/Users/andrew_clinkenbeard1/Box/SOC/project_workspace/final_project/hw/project_xsa.xsa
TRACE::2021-12-08.19:46:25::SCWPlatform::DSA directory C:/Users/andrew_clinkenbeard1/Box/SOC/project_workspace/final_project/hw
TRACE::2021-12-08.19:46:25::SCWPlatform:: Platform Path C:/Users/andrew_clinkenbeard1/Box/SOC/project_workspace/final_project/hw/project_xsa.xsa
TRACE::2021-12-08.19:46:25::SCWPlatform:: Unique name xilinx:nexys4_ddr::0.0
TRACE::2021-12-08.19:46:25::SCWPlatform::Trying to set the existing hwdb with name mcs_top_vanilla_0
TRACE::2021-12-08.19:46:25::SCWPlatform::Opened existing hwdb mcs_top_vanilla_0
TRACE::2021-12-08.19:46:25::SCWPlatform::Found the Hw Db part of the input DSA
TRACE::2021-12-08.19:46:25::SCWDomain::checking for install qemu data   : 
TRACE::2021-12-08.19:46:25::SCWPlatform::Trying to open the hw design at C:/Users/andrew_clinkenbeard1/Box/SOC/project_workspace/final_project/hw/project_xsa.xsa
TRACE::2021-12-08.19:46:25::SCWPlatform::DSA given C:/Users/andrew_clinkenbeard1/Box/SOC/project_workspace/final_project/hw/project_xsa.xsa
TRACE::2021-12-08.19:46:25::SCWPlatform::DSA absoulate path C:/Users/andrew_clinkenbeard1/Box/SOC/project_workspace/final_project/hw/project_xsa.xsa
TRACE::2021-12-08.19:46:25::SCWPlatform::DSA directory C:/Users/andrew_clinkenbeard1/Box/SOC/project_workspace/final_project/hw
TRACE::2021-12-08.19:46:25::SCWPlatform:: Platform Path C:/Users/andrew_clinkenbeard1/Box/SOC/project_workspace/final_project/hw/project_xsa.xsa
TRACE::2021-12-08.19:46:25::SCWPlatform:: Unique name xilinx:nexys4_ddr::0.0
TRACE::2021-12-08.19:46:25::SCWPlatform::Trying to set the existing hwdb with name mcs_top_vanilla_0
TRACE::2021-12-08.19:46:25::SCWPlatform::Opened existing hwdb mcs_top_vanilla_0
TRACE::2021-12-08.19:46:25::SCWPlatform::Found the Hw Db part of the input DSA
TRACE::2021-12-08.19:46:25::SCWPlatform::Trying to open the hw design at C:/Users/andrew_clinkenbeard1/Box/SOC/project_workspace/final_project/hw/project_xsa.xsa
TRACE::2021-12-08.19:46:25::SCWPlatform::DSA given C:/Users/andrew_clinkenbeard1/Box/SOC/project_workspace/final_project/hw/project_xsa.xsa
TRACE::2021-12-08.19:46:25::SCWPlatform::DSA absoulate path C:/Users/andrew_clinkenbeard1/Box/SOC/project_workspace/final_project/hw/project_xsa.xsa
TRACE::2021-12-08.19:46:25::SCWPlatform::DSA directory C:/Users/andrew_clinkenbeard1/Box/SOC/project_workspace/final_project/hw
TRACE::2021-12-08.19:46:25::SCWPlatform:: Platform Path C:/Users/andrew_clinkenbeard1/Box/SOC/project_workspace/final_project/hw/project_xsa.xsa
TRACE::2021-12-08.19:46:25::SCWPlatform:: Unique name xilinx:nexys4_ddr::0.0
TRACE::2021-12-08.19:46:25::SCWPlatform::Trying to set the existing hwdb with name mcs_top_vanilla_0
TRACE::2021-12-08.19:46:25::SCWPlatform::Opened existing hwdb mcs_top_vanilla_0
TRACE::2021-12-08.19:46:25::SCWPlatform::Found the Hw Db part of the input DSA
TRACE::2021-12-08.19:46:25::SCWPlatform::Trying to open the hw design at C:/Users/andrew_clinkenbeard1/Box/SOC/project_workspace/final_project/hw/project_xsa.xsa
TRACE::2021-12-08.19:46:25::SCWPlatform::DSA given C:/Users/andrew_clinkenbeard1/Box/SOC/project_workspace/final_project/hw/project_xsa.xsa
TRACE::2021-12-08.19:46:25::SCWPlatform::DSA absoulate path C:/Users/andrew_clinkenbeard1/Box/SOC/project_workspace/final_project/hw/project_xsa.xsa
TRACE::2021-12-08.19:46:25::SCWPlatform::DSA directory C:/Users/andrew_clinkenbeard1/Box/SOC/project_workspace/final_project/hw
TRACE::2021-12-08.19:46:25::SCWPlatform:: Platform Path C:/Users/andrew_clinkenbeard1/Box/SOC/project_workspace/final_project/hw/project_xsa.xsa
TRACE::2021-12-08.19:46:25::SCWPlatform:: Unique name xilinx:nexys4_ddr::0.0
TRACE::2021-12-08.19:46:25::SCWPlatform::Trying to set the existing hwdb with name mcs_top_vanilla_0
TRACE::2021-12-08.19:46:25::SCWPlatform::Opened existing hwdb mcs_top_vanilla_0
TRACE::2021-12-08.19:46:25::SCWPlatform::Found the Hw Db part of the input DSA
TRACE::2021-12-08.19:46:25::SCWMssOS::Checking the sw design at  C:/Users/andrew_clinkenbeard1/Box/SOC/project_workspace/final_project/microblaze_I/standalone_domain/bsp/system.mss
TRACE::2021-12-08.19:46:25::SCWMssOS::DEBUG:  swdes dump  
TRACE::2021-12-08.19:46:25::SCWMssOS::No sw design opened at  C:/Users/andrew_clinkenbeard1/Box/SOC/project_workspace/final_project/microblaze_I/standalone_domain/bsp/system.mss
TRACE::2021-12-08.19:46:25::SCWMssOS::mss does not exists at C:/Users/andrew_clinkenbeard1/Box/SOC/project_workspace/final_project/microblaze_I/standalone_domain/bsp/system.mss
TRACE::2021-12-08.19:46:25::SCWMssOS::Creating sw design at  C:/Users/andrew_clinkenbeard1/Box/SOC/project_workspace/final_project/microblaze_I/standalone_domain/bsp/system.mss
TRACE::2021-12-08.19:46:25::SCWMssOS::Adding the swdes entry, created swdb C:/Users/andrew_clinkenbeard1/Box/SOC/project_workspace/final_project/microblaze_I/standalone_domain/bsp/system.mss with des name C:/Users/andrew_clinkenbeard1/Box/SOC/project_workspace/final_project/microblaze_I/standalone_domain/bsp/system.mss
TRACE::2021-12-08.19:46:25::SCWMssOS::updating the scw layer changes to swdes at   C:/Users/andrew_clinkenbeard1/Box/SOC/project_workspace/final_project/microblaze_I/standalone_domain/bsp/system.mss
TRACE::2021-12-08.19:46:25::SCWMssOS::Writing mss at C:/Users/andrew_clinkenbeard1/Box/SOC/project_workspace/final_project/microblaze_I/standalone_domain/bsp/system.mss
TRACE::2021-12-08.19:46:25::SCWMssOS::Completed writing the mss file at C:/Users/andrew_clinkenbeard1/Box/SOC/project_workspace/final_project/microblaze_I/standalone_domain/bsp
TRACE::2021-12-08.19:46:25::SCWMssOS::Picking up changes from newly written mss file into SCW Layer. 
TRACE::2021-12-08.19:46:25::SCWMssOS::Updated the changes from newly written mss file into SCW Layer. 
TRACE::2021-12-08.19:46:25::SCWMssOS::Completed writing the mss file at C:/Users/andrew_clinkenbeard1/Box/SOC/project_workspace/final_project/microblaze_I/standalone_domain/bsp
TRACE::2021-12-08.19:46:25::SCWMssOS::Forcing BSP Sources regeneration.
TRACE::2021-12-08.19:46:40::SCWMssOS::Saving the mss changes C:/Users/andrew_clinkenbeard1/Box/SOC/project_workspace/final_project/microblaze_I/standalone_domain/bsp/system.mss
TRACE::2021-12-08.19:46:40::SCWMssOS::Adding the swdes entry, mss present, able to open swdb C:/Users/andrew_clinkenbeard1/Box/SOC/project_workspace/final_project/microblaze_I/standalone_domain/bsp/system.mss with des name system
TRACE::2021-12-08.19:46:40::SCWMssOS::Writing the mss file completed C:/Users/andrew_clinkenbeard1/Box/SOC/project_workspace/final_project/microblaze_I/standalone_domain/bsp/system.mss
TRACE::2021-12-08.19:46:40::SCWMssOS::Commit changes completed.
TRACE::2021-12-08.19:46:40::SCWPlatform::Trying to open the hw design at C:/Users/andrew_clinkenbeard1/Box/SOC/project_workspace/final_project/hw/project_xsa.xsa
TRACE::2021-12-08.19:46:40::SCWPlatform::DSA given C:/Users/andrew_clinkenbeard1/Box/SOC/project_workspace/final_project/hw/project_xsa.xsa
TRACE::2021-12-08.19:46:40::SCWPlatform::DSA absoulate path C:/Users/andrew_clinkenbeard1/Box/SOC/project_workspace/final_project/hw/project_xsa.xsa
TRACE::2021-12-08.19:46:40::SCWPlatform::DSA directory C:/Users/andrew_clinkenbeard1/Box/SOC/project_workspace/final_project/hw
TRACE::2021-12-08.19:46:40::SCWPlatform:: Platform Path C:/Users/andrew_clinkenbeard1/Box/SOC/project_workspace/final_project/hw/project_xsa.xsa
TRACE::2021-12-08.19:46:40::SCWPlatform:: Unique name xilinx:nexys4_ddr::0.0
TRACE::2021-12-08.19:46:40::SCWPlatform::Trying to set the existing hwdb with name mcs_top_vanilla_0
TRACE::2021-12-08.19:46:40::SCWPlatform::Opened existing hwdb mcs_top_vanilla_0
TRACE::2021-12-08.19:46:40::SCWPlatform::Found the Hw Db part of the input DSA
TRACE::2021-12-08.19:46:40::SCWMssOS::Checking the sw design at  C:/Users/andrew_clinkenbeard1/Box/SOC/project_workspace/final_project/microblaze_I/standalone_domain/bsp/system.mss
TRACE::2021-12-08.19:46:40::SCWMssOS::DEBUG:  swdes dump  C:/Users/andrew_clinkenbeard1/Box/SOC/project_workspace/final_project/microblaze_I/standalone_domain/bsp/system.mss|system||

TRACE::2021-12-08.19:46:40::SCWMssOS::Sw design exists and opened at  C:/Users/andrew_clinkenbeard1/Box/SOC/project_workspace/final_project/microblaze_I/standalone_domain/bsp/system.mss
TRACE::2021-12-08.19:46:40::SCWPlatform::Trying to open the hw design at C:/Users/andrew_clinkenbeard1/Box/SOC/project_workspace/final_project/hw/project_xsa.xsa
TRACE::2021-12-08.19:46:40::SCWPlatform::DSA given C:/Users/andrew_clinkenbeard1/Box/SOC/project_workspace/final_project/hw/project_xsa.xsa
TRACE::2021-12-08.19:46:40::SCWPlatform::DSA absoulate path C:/Users/andrew_clinkenbeard1/Box/SOC/project_workspace/final_project/hw/project_xsa.xsa
TRACE::2021-12-08.19:46:40::SCWPlatform::DSA directory C:/Users/andrew_clinkenbeard1/Box/SOC/project_workspace/final_project/hw
TRACE::2021-12-08.19:46:40::SCWPlatform:: Platform Path C:/Users/andrew_clinkenbeard1/Box/SOC/project_workspace/final_project/hw/project_xsa.xsa
TRACE::2021-12-08.19:46:40::SCWPlatform:: Unique name xilinx:nexys4_ddr::0.0
TRACE::2021-12-08.19:46:40::SCWPlatform::Trying to set the existing hwdb with name mcs_top_vanilla_0
TRACE::2021-12-08.19:46:40::SCWPlatform::Opened existing hwdb mcs_top_vanilla_0
TRACE::2021-12-08.19:46:40::SCWPlatform::Found the Hw Db part of the input DSA
TRACE::2021-12-08.19:46:40::SCWMssOS::Checking the sw design at  C:/Users/andrew_clinkenbeard1/Box/SOC/project_workspace/final_project/microblaze_I/standalone_domain/bsp/system.mss
TRACE::2021-12-08.19:46:41::SCWMssOS::DEBUG:  swdes dump  C:/Users/andrew_clinkenbeard1/Box/SOC/project_workspace/final_project/microblaze_I/standalone_domain/bsp/system.mss|system||

TRACE::2021-12-08.19:46:41::SCWMssOS::Sw design exists and opened at  C:/Users/andrew_clinkenbeard1/Box/SOC/project_workspace/final_project/microblaze_I/standalone_domain/bsp/system.mss
TRACE::2021-12-08.19:46:41::SCWPlatform::Trying to open the hw design at C:/Users/andrew_clinkenbeard1/Box/SOC/project_workspace/final_project/hw/project_xsa.xsa
TRACE::2021-12-08.19:46:41::SCWPlatform::DSA given C:/Users/andrew_clinkenbeard1/Box/SOC/project_workspace/final_project/hw/project_xsa.xsa
TRACE::2021-12-08.19:46:41::SCWPlatform::DSA absoulate path C:/Users/andrew_clinkenbeard1/Box/SOC/project_workspace/final_project/hw/project_xsa.xsa
TRACE::2021-12-08.19:46:41::SCWPlatform::DSA directory C:/Users/andrew_clinkenbeard1/Box/SOC/project_workspace/final_project/hw
TRACE::2021-12-08.19:46:41::SCWPlatform:: Platform Path C:/Users/andrew_clinkenbeard1/Box/SOC/project_workspace/final_project/hw/project_xsa.xsa
TRACE::2021-12-08.19:46:41::SCWPlatform:: Unique name xilinx:nexys4_ddr::0.0
TRACE::2021-12-08.19:46:41::SCWPlatform::Trying to set the existing hwdb with name mcs_top_vanilla_0
TRACE::2021-12-08.19:46:41::SCWPlatform::Opened existing hwdb mcs_top_vanilla_0
TRACE::2021-12-08.19:46:41::SCWPlatform::Found the Hw Db part of the input DSA
TRACE::2021-12-08.19:46:41::SCWMssOS::Checking the sw design at  C:/Users/andrew_clinkenbeard1/Box/SOC/project_workspace/final_project/microblaze_I/standalone_domain/bsp/system.mss
TRACE::2021-12-08.19:46:41::SCWMssOS::DEBUG:  swdes dump  C:/Users/andrew_clinkenbeard1/Box/SOC/project_workspace/final_project/microblaze_I/standalone_domain/bsp/system.mss|system||

TRACE::2021-12-08.19:46:41::SCWMssOS::Sw design exists and opened at  C:/Users/andrew_clinkenbeard1/Box/SOC/project_workspace/final_project/microblaze_I/standalone_domain/bsp/system.mss
TRACE::2021-12-08.19:46:41::SCWWriter::formatted JSON is {
	"platformName":	"final_project",
	"sprVersion":	"2.0",
	"mode":	"gui",
	"dsaType":	"Fixed",
	"platformDesc":	"final_project",
	"platHandOff":	"C:/Users/andrew_clinkenbeard1/Box/SOC/Basic_FPro2/project_xsa.xsa",
	"platIntHandOff":	"<platformDir>/hw/project_xsa.xsa",
	"deviceType":	"FPGA",
	"platIsPrebuiltAutogen":	"false",
	"platIsNoBootBsp":	"false",
	"hasFsblMakeHasChanges":	"false",
	"hasPmufwMakeHasChanges":	"false",
	"platPreBuiltFlag":	false,
	"platformSamplesDir":	"",
	"platActiveSys":	"final_project",
	"systems":	[{
			"systemName":	"final_project",
			"systemDesc":	"final_project",
			"sysIsBootAutoGen":	"true",
			"systemDispName":	"final_project",
			"sysActiveDom":	"standalone_domain",
			"sysDefaultDom":	"standalone_domain",
			"domains":	[{
					"domainName":	"standalone_domain",
					"domainDispName":	"standalone_domain",
					"domainDesc":	"standalone_domain",
					"processors":	"microblaze_I",
					"os":	"standalone",
					"sdxOs":	"standalone",
					"debugEnable":	"False",
					"domRuntimes":	["cpp"],
					"swRepo":	"",
					"mssOsVer":	"7.5",
					"mssFile":	"",
					"md5Digest":	"eba555455e071421aede40df93d1ae8e",
					"compatibleApp":	"",
					"domType":	"mssDomain",
					"arch":	"32-bit",
					"appSettings":	{
						"appCompilerFlags":	"",
						"appLinkerFlags":	""
					},
					"addedLibs":	[],
					"libOptions":	{
						"libsContainingOptions":	[]
					},
					"prebuiltLibs":	{
						"prebuiltIncPath":	[],
						"prebuiltLibPath":	[]
					},
					"isolation":	{
					}
				}]
		}]
}
LOG::2021-12-08.19:46:41::SCWPlatform::Started generating the artifacts platform final_project
TRACE::2021-12-08.19:46:41::SCWPlatform::Sanity checking of platform is completed
LOG::2021-12-08.19:46:41::SCWPlatform::Started generating the artifacts for system configuration final_project
LOG::2021-12-08.19:46:41::SCWSystem::Checking the domain standalone_domain
LOG::2021-12-08.19:46:41::SCWSystem::Not a boot domain 
LOG::2021-12-08.19:46:41::SCWSystem::Started Processing the domain standalone_domain
TRACE::2021-12-08.19:46:41::SCWDomain::Generating domain artifcats
TRACE::2021-12-08.19:46:41::SCWMssOS::Generating standalone artifcats
TRACE::2021-12-08.19:46:41::SCWMssOS:: Copying the user libraries. 
TRACE::2021-12-08.19:46:41::SCWPlatform::Trying to open the hw design at C:/Users/andrew_clinkenbeard1/Box/SOC/project_workspace/final_project/hw/project_xsa.xsa
TRACE::2021-12-08.19:46:41::SCWPlatform::DSA given C:/Users/andrew_clinkenbeard1/Box/SOC/project_workspace/final_project/hw/project_xsa.xsa
TRACE::2021-12-08.19:46:41::SCWPlatform::DSA absoulate path C:/Users/andrew_clinkenbeard1/Box/SOC/project_workspace/final_project/hw/project_xsa.xsa
TRACE::2021-12-08.19:46:41::SCWPlatform::DSA directory C:/Users/andrew_clinkenbeard1/Box/SOC/project_workspace/final_project/hw
TRACE::2021-12-08.19:46:41::SCWPlatform:: Platform Path C:/Users/andrew_clinkenbeard1/Box/SOC/project_workspace/final_project/hw/project_xsa.xsa
TRACE::2021-12-08.19:46:41::SCWPlatform:: Unique name xilinx:nexys4_ddr::0.0
TRACE::2021-12-08.19:46:41::SCWPlatform::Trying to set the existing hwdb with name mcs_top_vanilla_0
TRACE::2021-12-08.19:46:41::SCWPlatform::Opened existing hwdb mcs_top_vanilla_0
TRACE::2021-12-08.19:46:41::SCWPlatform::Found the Hw Db part of the input DSA
TRACE::2021-12-08.19:46:41::SCWMssOS::Checking the sw design at  C:/Users/andrew_clinkenbeard1/Box/SOC/project_workspace/final_project/microblaze_I/standalone_domain/bsp/system.mss
TRACE::2021-12-08.19:46:41::SCWMssOS::DEBUG:  swdes dump  C:/Users/andrew_clinkenbeard1/Box/SOC/project_workspace/final_project/microblaze_I/standalone_domain/bsp/system.mss|system||

TRACE::2021-12-08.19:46:41::SCWMssOS::Sw design exists and opened at  C:/Users/andrew_clinkenbeard1/Box/SOC/project_workspace/final_project/microblaze_I/standalone_domain/bsp/system.mss
TRACE::2021-12-08.19:46:41::SCWMssOS::Completed writing the mss file at C:/Users/andrew_clinkenbeard1/Box/SOC/project_workspace/final_project/microblaze_I/standalone_domain/bsp
TRACE::2021-12-08.19:46:41::SCWMssOS::Mss edits present, copying mssfile into export location C:/Users/andrew_clinkenbeard1/Box/SOC/project_workspace/final_project/microblaze_I/standalone_domain/bsp/system.mss
TRACE::2021-12-08.19:46:41::SCWMssOS::bsp generated is upto date with the mss file. Skipping bsp generation.
TRACE::2021-12-08.19:46:41::SCWMssOS::BSP is already built. skipping the bsp build ... 
TRACE::2021-12-08.19:46:41::SCWDomain::Skipping the build for domain :  standalone_domain
TRACE::2021-12-08.19:46:41::SCWMssOS::skipping the bsp build ... 
TRACE::2021-12-08.19:46:41::SCWMssOS::Copying to export directory.
TRACE::2021-12-08.19:46:41::SCWMssOS:: Checking if to create the Supporting Applications
TRACE::2021-12-08.19:46:41::SCWMssOS:: No Linux domain exists, trying to generate FSBL 
LOG::2021-12-08.19:46:41::SCWSystem::Completed Processing the domain standalone_domain
LOG::2021-12-08.19:46:41::SCWSystem::Completed Processing the sysconfig final_project
LOG::2021-12-08.19:46:41::SCWPlatform::Completed generating the artifacts for system configuration final_project
TRACE::2021-12-08.19:46:41::SCWPlatform::Started preparing the platform 
TRACE::2021-12-08.19:46:42::SCWSystem::Writing the bif file for system config final_project
TRACE::2021-12-08.19:46:42::SCWSystem::dir created 
TRACE::2021-12-08.19:46:42::SCWSystem::Writing the bif 
TRACE::2021-12-08.19:46:42::SCWPlatform::Started writing the spfm file 
TRACE::2021-12-08.19:46:42::SCWPlatform::Started writing the xpfm file 
TRACE::2021-12-08.19:46:42::SCWPlatform::Completed generating the platform
TRACE::2021-12-08.19:46:42::SCWMssOS::Saving the mss changes C:/Users/andrew_clinkenbeard1/Box/SOC/project_workspace/final_project/microblaze_I/standalone_domain/bsp/system.mss
TRACE::2021-12-08.19:46:42::SCWMssOS::Found a swdesign opened with the mssfile.
TRACE::2021-12-08.19:46:42::SCWMssOS::Completed writemss as part of save.
TRACE::2021-12-08.19:46:42::SCWMssOS::Commit changes completed.
TRACE::2021-12-08.19:46:42::SCWPlatform::Trying to open the hw design at C:/Users/andrew_clinkenbeard1/Box/SOC/project_workspace/final_project/hw/project_xsa.xsa
TRACE::2021-12-08.19:46:42::SCWPlatform::DSA given C:/Users/andrew_clinkenbeard1/Box/SOC/project_workspace/final_project/hw/project_xsa.xsa
TRACE::2021-12-08.19:46:42::SCWPlatform::DSA absoulate path C:/Users/andrew_clinkenbeard1/Box/SOC/project_workspace/final_project/hw/project_xsa.xsa
TRACE::2021-12-08.19:46:42::SCWPlatform::DSA directory C:/Users/andrew_clinkenbeard1/Box/SOC/project_workspace/final_project/hw
TRACE::2021-12-08.19:46:42::SCWPlatform:: Platform Path C:/Users/andrew_clinkenbeard1/Box/SOC/project_workspace/final_project/hw/project_xsa.xsa
TRACE::2021-12-08.19:46:42::SCWPlatform:: Unique name xilinx:nexys4_ddr::0.0
TRACE::2021-12-08.19:46:42::SCWPlatform::Trying to set the existing hwdb with name mcs_top_vanilla_0
TRACE::2021-12-08.19:46:42::SCWPlatform::Opened existing hwdb mcs_top_vanilla_0
TRACE::2021-12-08.19:46:42::SCWPlatform::Found the Hw Db part of the input DSA
TRACE::2021-12-08.19:46:42::SCWMssOS::Checking the sw design at  C:/Users/andrew_clinkenbeard1/Box/SOC/project_workspace/final_project/microblaze_I/standalone_domain/bsp/system.mss
TRACE::2021-12-08.19:46:42::SCWMssOS::DEBUG:  swdes dump  C:/Users/andrew_clinkenbeard1/Box/SOC/project_workspace/final_project/microblaze_I/standalone_domain/bsp/system.mss|system||

TRACE::2021-12-08.19:46:42::SCWMssOS::Sw design exists and opened at  C:/Users/andrew_clinkenbeard1/Box/SOC/project_workspace/final_project/microblaze_I/standalone_domain/bsp/system.mss
TRACE::2021-12-08.19:46:42::SCWPlatform::Trying to open the hw design at C:/Users/andrew_clinkenbeard1/Box/SOC/project_workspace/final_project/hw/project_xsa.xsa
TRACE::2021-12-08.19:46:42::SCWPlatform::DSA given C:/Users/andrew_clinkenbeard1/Box/SOC/project_workspace/final_project/hw/project_xsa.xsa
TRACE::2021-12-08.19:46:42::SCWPlatform::DSA absoulate path C:/Users/andrew_clinkenbeard1/Box/SOC/project_workspace/final_project/hw/project_xsa.xsa
TRACE::2021-12-08.19:46:42::SCWPlatform::DSA directory C:/Users/andrew_clinkenbeard1/Box/SOC/project_workspace/final_project/hw
TRACE::2021-12-08.19:46:42::SCWPlatform:: Platform Path C:/Users/andrew_clinkenbeard1/Box/SOC/project_workspace/final_project/hw/project_xsa.xsa
TRACE::2021-12-08.19:46:42::SCWPlatform:: Unique name xilinx:nexys4_ddr::0.0
TRACE::2021-12-08.19:46:42::SCWPlatform::Trying to set the existing hwdb with name mcs_top_vanilla_0
TRACE::2021-12-08.19:46:42::SCWPlatform::Opened existing hwdb mcs_top_vanilla_0
TRACE::2021-12-08.19:46:42::SCWPlatform::Found the Hw Db part of the input DSA
TRACE::2021-12-08.19:46:42::SCWMssOS::Checking the sw design at  C:/Users/andrew_clinkenbeard1/Box/SOC/project_workspace/final_project/microblaze_I/standalone_domain/bsp/system.mss
TRACE::2021-12-08.19:46:42::SCWMssOS::DEBUG:  swdes dump  C:/Users/andrew_clinkenbeard1/Box/SOC/project_workspace/final_project/microblaze_I/standalone_domain/bsp/system.mss|system||

TRACE::2021-12-08.19:46:42::SCWMssOS::Sw design exists and opened at  C:/Users/andrew_clinkenbeard1/Box/SOC/project_workspace/final_project/microblaze_I/standalone_domain/bsp/system.mss
TRACE::2021-12-08.19:46:42::SCWPlatform::Trying to open the hw design at C:/Users/andrew_clinkenbeard1/Box/SOC/project_workspace/final_project/hw/project_xsa.xsa
TRACE::2021-12-08.19:46:42::SCWPlatform::DSA given C:/Users/andrew_clinkenbeard1/Box/SOC/project_workspace/final_project/hw/project_xsa.xsa
TRACE::2021-12-08.19:46:42::SCWPlatform::DSA absoulate path C:/Users/andrew_clinkenbeard1/Box/SOC/project_workspace/final_project/hw/project_xsa.xsa
TRACE::2021-12-08.19:46:42::SCWPlatform::DSA directory C:/Users/andrew_clinkenbeard1/Box/SOC/project_workspace/final_project/hw
TRACE::2021-12-08.19:46:42::SCWPlatform:: Platform Path C:/Users/andrew_clinkenbeard1/Box/SOC/project_workspace/final_project/hw/project_xsa.xsa
TRACE::2021-12-08.19:46:42::SCWPlatform:: Unique name xilinx:nexys4_ddr::0.0
TRACE::2021-12-08.19:46:42::SCWPlatform::Trying to set the existing hwdb with name mcs_top_vanilla_0
TRACE::2021-12-08.19:46:42::SCWPlatform::Opened existing hwdb mcs_top_vanilla_0
TRACE::2021-12-08.19:46:42::SCWPlatform::Found the Hw Db part of the input DSA
TRACE::2021-12-08.19:46:42::SCWMssOS::Checking the sw design at  C:/Users/andrew_clinkenbeard1/Box/SOC/project_workspace/final_project/microblaze_I/standalone_domain/bsp/system.mss
TRACE::2021-12-08.19:46:42::SCWMssOS::DEBUG:  swdes dump  C:/Users/andrew_clinkenbeard1/Box/SOC/project_workspace/final_project/microblaze_I/standalone_domain/bsp/system.mss|system||

TRACE::2021-12-08.19:46:42::SCWMssOS::Sw design exists and opened at  C:/Users/andrew_clinkenbeard1/Box/SOC/project_workspace/final_project/microblaze_I/standalone_domain/bsp/system.mss
TRACE::2021-12-08.19:46:42::SCWWriter::formatted JSON is {
	"platformName":	"final_project",
	"sprVersion":	"2.0",
	"mode":	"gui",
	"dsaType":	"Fixed",
	"platformDesc":	"final_project",
	"platHandOff":	"C:/Users/andrew_clinkenbeard1/Box/SOC/Basic_FPro2/project_xsa.xsa",
	"platIntHandOff":	"<platformDir>/hw/project_xsa.xsa",
	"deviceType":	"FPGA",
	"platIsPrebuiltAutogen":	"false",
	"platIsNoBootBsp":	"false",
	"hasFsblMakeHasChanges":	"false",
	"hasPmufwMakeHasChanges":	"false",
	"platPreBuiltFlag":	false,
	"platformSamplesDir":	"",
	"platActiveSys":	"final_project",
	"systems":	[{
			"systemName":	"final_project",
			"systemDesc":	"final_project",
			"sysIsBootAutoGen":	"true",
			"systemDispName":	"final_project",
			"sysActiveDom":	"standalone_domain",
			"sysDefaultDom":	"standalone_domain",
			"domains":	[{
					"domainName":	"standalone_domain",
					"domainDispName":	"standalone_domain",
					"domainDesc":	"standalone_domain",
					"processors":	"microblaze_I",
					"os":	"standalone",
					"sdxOs":	"standalone",
					"debugEnable":	"False",
					"domRuntimes":	["cpp"],
					"swRepo":	"",
					"mssOsVer":	"7.5",
					"mssFile":	"",
					"md5Digest":	"eba555455e071421aede40df93d1ae8e",
					"compatibleApp":	"",
					"domType":	"mssDomain",
					"arch":	"32-bit",
					"appSettings":	{
						"appCompilerFlags":	"",
						"appLinkerFlags":	""
					},
					"addedLibs":	[],
					"libOptions":	{
						"libsContainingOptions":	[]
					},
					"prebuiltLibs":	{
						"prebuiltIncPath":	[],
						"prebuiltLibPath":	[]
					},
					"isolation":	{
					}
				}]
		}]
}
KEYINFO::2021-12-08.19:46:42::SCWPlatform::updated the xpfm file.
TRACE::2021-12-08.19:46:42::SCWPlatform::Trying to open the hw design at C:/Users/andrew_clinkenbeard1/Box/SOC/project_workspace/final_project/hw/project_xsa.xsa
TRACE::2021-12-08.19:46:42::SCWPlatform::DSA given C:/Users/andrew_clinkenbeard1/Box/SOC/project_workspace/final_project/hw/project_xsa.xsa
TRACE::2021-12-08.19:46:43::SCWPlatform::DSA absoulate path C:/Users/andrew_clinkenbeard1/Box/SOC/project_workspace/final_project/hw/project_xsa.xsa
TRACE::2021-12-08.19:46:43::SCWPlatform::DSA directory C:/Users/andrew_clinkenbeard1/Box/SOC/project_workspace/final_project/hw
TRACE::2021-12-08.19:46:43::SCWPlatform:: Platform Path C:/Users/andrew_clinkenbeard1/Box/SOC/project_workspace/final_project/hw/project_xsa.xsa
TRACE::2021-12-08.19:46:43::SCWPlatform:: Unique name xilinx:nexys4_ddr::0.0
TRACE::2021-12-08.19:46:43::SCWPlatform::Trying to set the existing hwdb with name mcs_top_vanilla_0
TRACE::2021-12-08.19:46:43::SCWPlatform::Opened existing hwdb mcs_top_vanilla_0
TRACE::2021-12-08.19:46:43::SCWPlatform::Found the Hw Db part of the input DSA
TRACE::2021-12-08.19:46:43::SCWMssOS::Checking the sw design at  C:/Users/andrew_clinkenbeard1/Box/SOC/project_workspace/final_project/microblaze_I/standalone_domain/bsp/system.mss
TRACE::2021-12-08.19:46:43::SCWMssOS::DEBUG:  swdes dump  C:/Users/andrew_clinkenbeard1/Box/SOC/project_workspace/final_project/microblaze_I/standalone_domain/bsp/system.mss|system||

TRACE::2021-12-08.19:46:43::SCWMssOS::Sw design exists and opened at  C:/Users/andrew_clinkenbeard1/Box/SOC/project_workspace/final_project/microblaze_I/standalone_domain/bsp/system.mss
TRACE::2021-12-08.19:46:43::SCWMssOS::Saving the mss changes C:/Users/andrew_clinkenbeard1/Box/SOC/project_workspace/final_project/microblaze_I/standalone_domain/bsp/system.mss
TRACE::2021-12-08.19:46:43::SCWMssOS::Found a swdesign opened with the mssfile.
TRACE::2021-12-08.19:46:43::SCWMssOS::Completed writemss as part of save.
TRACE::2021-12-08.19:46:43::SCWMssOS::Commit changes completed.
TRACE::2021-12-08.19:46:43::SCWPlatform::Trying to open the hw design at C:/Users/andrew_clinkenbeard1/Box/SOC/project_workspace/final_project/hw/project_xsa.xsa
TRACE::2021-12-08.19:46:43::SCWPlatform::DSA given C:/Users/andrew_clinkenbeard1/Box/SOC/project_workspace/final_project/hw/project_xsa.xsa
TRACE::2021-12-08.19:46:43::SCWPlatform::DSA absoulate path C:/Users/andrew_clinkenbeard1/Box/SOC/project_workspace/final_project/hw/project_xsa.xsa
TRACE::2021-12-08.19:46:43::SCWPlatform::DSA directory C:/Users/andrew_clinkenbeard1/Box/SOC/project_workspace/final_project/hw
TRACE::2021-12-08.19:46:43::SCWPlatform:: Platform Path C:/Users/andrew_clinkenbeard1/Box/SOC/project_workspace/final_project/hw/project_xsa.xsa
TRACE::2021-12-08.19:46:43::SCWPlatform:: Unique name xilinx:nexys4_ddr::0.0
TRACE::2021-12-08.19:46:43::SCWPlatform::Trying to set the existing hwdb with name mcs_top_vanilla_0
TRACE::2021-12-08.19:46:43::SCWPlatform::Opened existing hwdb mcs_top_vanilla_0
TRACE::2021-12-08.19:46:43::SCWPlatform::Found the Hw Db part of the input DSA
TRACE::2021-12-08.19:46:43::SCWMssOS::Checking the sw design at  C:/Users/andrew_clinkenbeard1/Box/SOC/project_workspace/final_project/microblaze_I/standalone_domain/bsp/system.mss
TRACE::2021-12-08.19:46:43::SCWMssOS::DEBUG:  swdes dump  C:/Users/andrew_clinkenbeard1/Box/SOC/project_workspace/final_project/microblaze_I/standalone_domain/bsp/system.mss|system||

TRACE::2021-12-08.19:46:43::SCWMssOS::Sw design exists and opened at  C:/Users/andrew_clinkenbeard1/Box/SOC/project_workspace/final_project/microblaze_I/standalone_domain/bsp/system.mss
TRACE::2021-12-08.19:46:43::SCWPlatform::Trying to open the hw design at C:/Users/andrew_clinkenbeard1/Box/SOC/project_workspace/final_project/hw/project_xsa.xsa
TRACE::2021-12-08.19:46:43::SCWPlatform::DSA given C:/Users/andrew_clinkenbeard1/Box/SOC/project_workspace/final_project/hw/project_xsa.xsa
TRACE::2021-12-08.19:46:43::SCWPlatform::DSA absoulate path C:/Users/andrew_clinkenbeard1/Box/SOC/project_workspace/final_project/hw/project_xsa.xsa
TRACE::2021-12-08.19:46:43::SCWPlatform::DSA directory C:/Users/andrew_clinkenbeard1/Box/SOC/project_workspace/final_project/hw
TRACE::2021-12-08.19:46:43::SCWPlatform:: Platform Path C:/Users/andrew_clinkenbeard1/Box/SOC/project_workspace/final_project/hw/project_xsa.xsa
TRACE::2021-12-08.19:46:43::SCWPlatform:: Unique name xilinx:nexys4_ddr::0.0
TRACE::2021-12-08.19:46:43::SCWPlatform::Trying to set the existing hwdb with name mcs_top_vanilla_0
TRACE::2021-12-08.19:46:43::SCWPlatform::Opened existing hwdb mcs_top_vanilla_0
TRACE::2021-12-08.19:46:43::SCWPlatform::Found the Hw Db part of the input DSA
TRACE::2021-12-08.19:46:43::SCWMssOS::Checking the sw design at  C:/Users/andrew_clinkenbeard1/Box/SOC/project_workspace/final_project/microblaze_I/standalone_domain/bsp/system.mss
TRACE::2021-12-08.19:46:43::SCWMssOS::DEBUG:  swdes dump  C:/Users/andrew_clinkenbeard1/Box/SOC/project_workspace/final_project/microblaze_I/standalone_domain/bsp/system.mss|system||

TRACE::2021-12-08.19:46:43::SCWMssOS::Sw design exists and opened at  C:/Users/andrew_clinkenbeard1/Box/SOC/project_workspace/final_project/microblaze_I/standalone_domain/bsp/system.mss
TRACE::2021-12-08.19:46:43::SCWPlatform::Trying to open the hw design at C:/Users/andrew_clinkenbeard1/Box/SOC/project_workspace/final_project/hw/project_xsa.xsa
TRACE::2021-12-08.19:46:43::SCWPlatform::DSA given C:/Users/andrew_clinkenbeard1/Box/SOC/project_workspace/final_project/hw/project_xsa.xsa
TRACE::2021-12-08.19:46:43::SCWPlatform::DSA absoulate path C:/Users/andrew_clinkenbeard1/Box/SOC/project_workspace/final_project/hw/project_xsa.xsa
TRACE::2021-12-08.19:46:43::SCWPlatform::DSA directory C:/Users/andrew_clinkenbeard1/Box/SOC/project_workspace/final_project/hw
TRACE::2021-12-08.19:46:43::SCWPlatform:: Platform Path C:/Users/andrew_clinkenbeard1/Box/SOC/project_workspace/final_project/hw/project_xsa.xsa
TRACE::2021-12-08.19:46:43::SCWPlatform:: Unique name xilinx:nexys4_ddr::0.0
TRACE::2021-12-08.19:46:43::SCWPlatform::Trying to set the existing hwdb with name mcs_top_vanilla_0
TRACE::2021-12-08.19:46:43::SCWPlatform::Opened existing hwdb mcs_top_vanilla_0
TRACE::2021-12-08.19:46:43::SCWPlatform::Found the Hw Db part of the input DSA
TRACE::2021-12-08.19:46:43::SCWMssOS::Checking the sw design at  C:/Users/andrew_clinkenbeard1/Box/SOC/project_workspace/final_project/microblaze_I/standalone_domain/bsp/system.mss
TRACE::2021-12-08.19:46:43::SCWMssOS::DEBUG:  swdes dump  C:/Users/andrew_clinkenbeard1/Box/SOC/project_workspace/final_project/microblaze_I/standalone_domain/bsp/system.mss|system||

TRACE::2021-12-08.19:46:43::SCWMssOS::Sw design exists and opened at  C:/Users/andrew_clinkenbeard1/Box/SOC/project_workspace/final_project/microblaze_I/standalone_domain/bsp/system.mss
TRACE::2021-12-08.19:46:43::SCWWriter::formatted JSON is {
	"platformName":	"final_project",
	"sprVersion":	"2.0",
	"mode":	"gui",
	"dsaType":	"Fixed",
	"platformDesc":	"final_project",
	"platHandOff":	"C:/Users/andrew_clinkenbeard1/Box/SOC/Basic_FPro2/project_xsa.xsa",
	"platIntHandOff":	"<platformDir>/hw/project_xsa.xsa",
	"deviceType":	"FPGA",
	"platIsPrebuiltAutogen":	"false",
	"platIsNoBootBsp":	"false",
	"hasFsblMakeHasChanges":	"false",
	"hasPmufwMakeHasChanges":	"false",
	"platPreBuiltFlag":	false,
	"platformSamplesDir":	"",
	"platActiveSys":	"final_project",
	"systems":	[{
			"systemName":	"final_project",
			"systemDesc":	"final_project",
			"sysIsBootAutoGen":	"true",
			"systemDispName":	"final_project",
			"sysActiveDom":	"standalone_domain",
			"sysDefaultDom":	"standalone_domain",
			"domains":	[{
					"domainName":	"standalone_domain",
					"domainDispName":	"standalone_domain",
					"domainDesc":	"standalone_domain",
					"processors":	"microblaze_I",
					"os":	"standalone",
					"sdxOs":	"standalone",
					"debugEnable":	"False",
					"domRuntimes":	["cpp"],
					"swRepo":	"",
					"mssOsVer":	"7.5",
					"mssFile":	"",
					"md5Digest":	"eba555455e071421aede40df93d1ae8e",
					"compatibleApp":	"",
					"domType":	"mssDomain",
					"arch":	"32-bit",
					"appSettings":	{
						"appCompilerFlags":	"",
						"appLinkerFlags":	""
					},
					"addedLibs":	[],
					"libOptions":	{
						"libsContainingOptions":	[]
					},
					"prebuiltLibs":	{
						"prebuiltIncPath":	[],
						"prebuiltLibPath":	[]
					},
					"isolation":	{
					}
				}]
		}]
}
TRACE::2021-12-08.19:46:43::SCWPlatform::Trying to open the hw design at C:/Users/andrew_clinkenbeard1/Box/SOC/project_workspace/final_project/hw/project_xsa.xsa
TRACE::2021-12-08.19:46:43::SCWPlatform::DSA given C:/Users/andrew_clinkenbeard1/Box/SOC/project_workspace/final_project/hw/project_xsa.xsa
TRACE::2021-12-08.19:46:43::SCWPlatform::DSA absoulate path C:/Users/andrew_clinkenbeard1/Box/SOC/project_workspace/final_project/hw/project_xsa.xsa
TRACE::2021-12-08.19:46:43::SCWPlatform::DSA directory C:/Users/andrew_clinkenbeard1/Box/SOC/project_workspace/final_project/hw
TRACE::2021-12-08.19:46:43::SCWPlatform:: Platform Path C:/Users/andrew_clinkenbeard1/Box/SOC/project_workspace/final_project/hw/project_xsa.xsa
TRACE::2021-12-08.19:46:43::SCWPlatform:: Unique name xilinx:nexys4_ddr::0.0
TRACE::2021-12-08.19:46:43::SCWPlatform::Trying to set the existing hwdb with name mcs_top_vanilla_0
TRACE::2021-12-08.19:46:43::SCWPlatform::Opened existing hwdb mcs_top_vanilla_0
TRACE::2021-12-08.19:46:43::SCWPlatform::Found the Hw Db part of the input DSA
TRACE::2021-12-08.19:46:43::SCWMssOS::Checking the sw design at  C:/Users/andrew_clinkenbeard1/Box/SOC/project_workspace/final_project/microblaze_I/standalone_domain/bsp/system.mss
TRACE::2021-12-08.19:46:43::SCWMssOS::DEBUG:  swdes dump  C:/Users/andrew_clinkenbeard1/Box/SOC/project_workspace/final_project/microblaze_I/standalone_domain/bsp/system.mss|system||

TRACE::2021-12-08.19:46:43::SCWMssOS::Sw design exists and opened at  C:/Users/andrew_clinkenbeard1/Box/SOC/project_workspace/final_project/microblaze_I/standalone_domain/bsp/system.mss
TRACE::2021-12-08.19:46:43::SCWPlatform::Trying to open the hw design at C:/Users/andrew_clinkenbeard1/Box/SOC/project_workspace/final_project/hw/project_xsa.xsa
TRACE::2021-12-08.19:46:43::SCWPlatform::DSA given C:/Users/andrew_clinkenbeard1/Box/SOC/project_workspace/final_project/hw/project_xsa.xsa
TRACE::2021-12-08.19:46:43::SCWPlatform::DSA absoulate path C:/Users/andrew_clinkenbeard1/Box/SOC/project_workspace/final_project/hw/project_xsa.xsa
TRACE::2021-12-08.19:46:43::SCWPlatform::DSA directory C:/Users/andrew_clinkenbeard1/Box/SOC/project_workspace/final_project/hw
TRACE::2021-12-08.19:46:43::SCWPlatform:: Platform Path C:/Users/andrew_clinkenbeard1/Box/SOC/project_workspace/final_project/hw/project_xsa.xsa
TRACE::2021-12-08.19:46:43::SCWPlatform:: Unique name xilinx:nexys4_ddr::0.0
TRACE::2021-12-08.19:46:43::SCWPlatform::Trying to set the existing hwdb with name mcs_top_vanilla_0
TRACE::2021-12-08.19:46:44::SCWPlatform::Opened existing hwdb mcs_top_vanilla_0
TRACE::2021-12-08.19:46:44::SCWPlatform::Found the Hw Db part of the input DSA
TRACE::2021-12-08.19:46:44::SCWMssOS::Checking the sw design at  C:/Users/andrew_clinkenbeard1/Box/SOC/project_workspace/final_project/microblaze_I/standalone_domain/bsp/system.mss
TRACE::2021-12-08.19:46:44::SCWMssOS::DEBUG:  swdes dump  C:/Users/andrew_clinkenbeard1/Box/SOC/project_workspace/final_project/microblaze_I/standalone_domain/bsp/system.mss|system||

TRACE::2021-12-08.19:46:44::SCWMssOS::Sw design exists and opened at  C:/Users/andrew_clinkenbeard1/Box/SOC/project_workspace/final_project/microblaze_I/standalone_domain/bsp/system.mss
TRACE::2021-12-08.19:46:44::SCWPlatform::Trying to open the hw design at C:/Users/andrew_clinkenbeard1/Box/SOC/project_workspace/final_project/hw/project_xsa.xsa
TRACE::2021-12-08.19:46:44::SCWPlatform::DSA given C:/Users/andrew_clinkenbeard1/Box/SOC/project_workspace/final_project/hw/project_xsa.xsa
TRACE::2021-12-08.19:46:44::SCWPlatform::DSA absoulate path C:/Users/andrew_clinkenbeard1/Box/SOC/project_workspace/final_project/hw/project_xsa.xsa
TRACE::2021-12-08.19:46:44::SCWPlatform::DSA directory C:/Users/andrew_clinkenbeard1/Box/SOC/project_workspace/final_project/hw
TRACE::2021-12-08.19:46:44::SCWPlatform:: Platform Path C:/Users/andrew_clinkenbeard1/Box/SOC/project_workspace/final_project/hw/project_xsa.xsa
TRACE::2021-12-08.19:46:44::SCWPlatform:: Unique name xilinx:nexys4_ddr::0.0
TRACE::2021-12-08.19:46:44::SCWPlatform::Trying to set the existing hwdb with name mcs_top_vanilla_0
TRACE::2021-12-08.19:46:44::SCWPlatform::Opened existing hwdb mcs_top_vanilla_0
TRACE::2021-12-08.19:46:44::SCWPlatform::Found the Hw Db part of the input DSA
TRACE::2021-12-08.19:46:44::SCWMssOS::Checking the sw design at  C:/Users/andrew_clinkenbeard1/Box/SOC/project_workspace/final_project/microblaze_I/standalone_domain/bsp/system.mss
TRACE::2021-12-08.19:46:44::SCWMssOS::DEBUG:  swdes dump  C:/Users/andrew_clinkenbeard1/Box/SOC/project_workspace/final_project/microblaze_I/standalone_domain/bsp/system.mss|system||

TRACE::2021-12-08.19:46:44::SCWMssOS::Sw design exists and opened at  C:/Users/andrew_clinkenbeard1/Box/SOC/project_workspace/final_project/microblaze_I/standalone_domain/bsp/system.mss
TRACE::2021-12-08.19:46:44::SCWMssOS::Saving the mss changes C:/Users/andrew_clinkenbeard1/Box/SOC/project_workspace/final_project/microblaze_I/standalone_domain/bsp/system.mss
TRACE::2021-12-08.19:46:44::SCWMssOS::Found a swdesign opened with the mssfile.
TRACE::2021-12-08.19:46:44::SCWMssOS::Completed writemss as part of save.
TRACE::2021-12-08.19:46:44::SCWMssOS::Commit changes completed.
TRACE::2021-12-08.19:46:44::SCWPlatform::Trying to open the hw design at C:/Users/andrew_clinkenbeard1/Box/SOC/project_workspace/final_project/hw/project_xsa.xsa
TRACE::2021-12-08.19:46:44::SCWPlatform::DSA given C:/Users/andrew_clinkenbeard1/Box/SOC/project_workspace/final_project/hw/project_xsa.xsa
TRACE::2021-12-08.19:46:44::SCWPlatform::DSA absoulate path C:/Users/andrew_clinkenbeard1/Box/SOC/project_workspace/final_project/hw/project_xsa.xsa
TRACE::2021-12-08.19:46:44::SCWPlatform::DSA directory C:/Users/andrew_clinkenbeard1/Box/SOC/project_workspace/final_project/hw
TRACE::2021-12-08.19:46:44::SCWPlatform:: Platform Path C:/Users/andrew_clinkenbeard1/Box/SOC/project_workspace/final_project/hw/project_xsa.xsa
TRACE::2021-12-08.19:46:44::SCWPlatform:: Unique name xilinx:nexys4_ddr::0.0
TRACE::2021-12-08.19:46:44::SCWPlatform::Trying to set the existing hwdb with name mcs_top_vanilla_0
TRACE::2021-12-08.19:46:44::SCWPlatform::Opened existing hwdb mcs_top_vanilla_0
TRACE::2021-12-08.19:46:44::SCWPlatform::Found the Hw Db part of the input DSA
TRACE::2021-12-08.19:46:44::SCWMssOS::Checking the sw design at  C:/Users/andrew_clinkenbeard1/Box/SOC/project_workspace/final_project/microblaze_I/standalone_domain/bsp/system.mss
TRACE::2021-12-08.19:46:44::SCWMssOS::DEBUG:  swdes dump  C:/Users/andrew_clinkenbeard1/Box/SOC/project_workspace/final_project/microblaze_I/standalone_domain/bsp/system.mss|system||

TRACE::2021-12-08.19:46:44::SCWMssOS::Sw design exists and opened at  C:/Users/andrew_clinkenbeard1/Box/SOC/project_workspace/final_project/microblaze_I/standalone_domain/bsp/system.mss
TRACE::2021-12-08.19:46:44::SCWPlatform::Trying to open the hw design at C:/Users/andrew_clinkenbeard1/Box/SOC/project_workspace/final_project/hw/project_xsa.xsa
TRACE::2021-12-08.19:46:44::SCWPlatform::DSA given C:/Users/andrew_clinkenbeard1/Box/SOC/project_workspace/final_project/hw/project_xsa.xsa
TRACE::2021-12-08.19:46:44::SCWPlatform::DSA absoulate path C:/Users/andrew_clinkenbeard1/Box/SOC/project_workspace/final_project/hw/project_xsa.xsa
TRACE::2021-12-08.19:46:44::SCWPlatform::DSA directory C:/Users/andrew_clinkenbeard1/Box/SOC/project_workspace/final_project/hw
TRACE::2021-12-08.19:46:44::SCWPlatform:: Platform Path C:/Users/andrew_clinkenbeard1/Box/SOC/project_workspace/final_project/hw/project_xsa.xsa
TRACE::2021-12-08.19:46:44::SCWPlatform:: Unique name xilinx:nexys4_ddr::0.0
TRACE::2021-12-08.19:46:44::SCWPlatform::Trying to set the existing hwdb with name mcs_top_vanilla_0
TRACE::2021-12-08.19:46:44::SCWPlatform::Opened existing hwdb mcs_top_vanilla_0
TRACE::2021-12-08.19:46:44::SCWPlatform::Found the Hw Db part of the input DSA
TRACE::2021-12-08.19:46:44::SCWMssOS::Checking the sw design at  C:/Users/andrew_clinkenbeard1/Box/SOC/project_workspace/final_project/microblaze_I/standalone_domain/bsp/system.mss
TRACE::2021-12-08.19:46:44::SCWMssOS::DEBUG:  swdes dump  C:/Users/andrew_clinkenbeard1/Box/SOC/project_workspace/final_project/microblaze_I/standalone_domain/bsp/system.mss|system||

TRACE::2021-12-08.19:46:44::SCWMssOS::Sw design exists and opened at  C:/Users/andrew_clinkenbeard1/Box/SOC/project_workspace/final_project/microblaze_I/standalone_domain/bsp/system.mss
TRACE::2021-12-08.19:46:44::SCWPlatform::Trying to open the hw design at C:/Users/andrew_clinkenbeard1/Box/SOC/project_workspace/final_project/hw/project_xsa.xsa
TRACE::2021-12-08.19:46:44::SCWPlatform::DSA given C:/Users/andrew_clinkenbeard1/Box/SOC/project_workspace/final_project/hw/project_xsa.xsa
TRACE::2021-12-08.19:46:44::SCWPlatform::DSA absoulate path C:/Users/andrew_clinkenbeard1/Box/SOC/project_workspace/final_project/hw/project_xsa.xsa
TRACE::2021-12-08.19:46:44::SCWPlatform::DSA directory C:/Users/andrew_clinkenbeard1/Box/SOC/project_workspace/final_project/hw
TRACE::2021-12-08.19:46:44::SCWPlatform:: Platform Path C:/Users/andrew_clinkenbeard1/Box/SOC/project_workspace/final_project/hw/project_xsa.xsa
TRACE::2021-12-08.19:46:44::SCWPlatform:: Unique name xilinx:nexys4_ddr::0.0
TRACE::2021-12-08.19:46:44::SCWPlatform::Trying to set the existing hwdb with name mcs_top_vanilla_0
TRACE::2021-12-08.19:46:44::SCWPlatform::Opened existing hwdb mcs_top_vanilla_0
TRACE::2021-12-08.19:46:44::SCWPlatform::Found the Hw Db part of the input DSA
TRACE::2021-12-08.19:46:44::SCWMssOS::Checking the sw design at  C:/Users/andrew_clinkenbeard1/Box/SOC/project_workspace/final_project/microblaze_I/standalone_domain/bsp/system.mss
TRACE::2021-12-08.19:46:44::SCWMssOS::DEBUG:  swdes dump  C:/Users/andrew_clinkenbeard1/Box/SOC/project_workspace/final_project/microblaze_I/standalone_domain/bsp/system.mss|system||

TRACE::2021-12-08.19:46:44::SCWMssOS::Sw design exists and opened at  C:/Users/andrew_clinkenbeard1/Box/SOC/project_workspace/final_project/microblaze_I/standalone_domain/bsp/system.mss
TRACE::2021-12-08.19:46:44::SCWWriter::formatted JSON is {
	"platformName":	"final_project",
	"sprVersion":	"2.0",
	"mode":	"gui",
	"dsaType":	"Fixed",
	"platformDesc":	"final_project",
	"platHandOff":	"C:/Users/andrew_clinkenbeard1/Box/SOC/Basic_FPro2/project_xsa.xsa",
	"platIntHandOff":	"<platformDir>/hw/project_xsa.xsa",
	"deviceType":	"FPGA",
	"platIsPrebuiltAutogen":	"false",
	"platIsNoBootBsp":	"false",
	"hasFsblMakeHasChanges":	"false",
	"hasPmufwMakeHasChanges":	"false",
	"platPreBuiltFlag":	false,
	"platformSamplesDir":	"",
	"platActiveSys":	"final_project",
	"systems":	[{
			"systemName":	"final_project",
			"systemDesc":	"final_project",
			"sysIsBootAutoGen":	"true",
			"systemDispName":	"final_project",
			"sysActiveDom":	"standalone_domain",
			"sysDefaultDom":	"standalone_domain",
			"domains":	[{
					"domainName":	"standalone_domain",
					"domainDispName":	"standalone on microblaze_I",
					"domainDesc":	"standalone_domain",
					"processors":	"microblaze_I",
					"os":	"standalone",
					"sdxOs":	"standalone",
					"debugEnable":	"False",
					"domRuntimes":	["cpp"],
					"swRepo":	"",
					"mssOsVer":	"7.5",
					"mssFile":	"",
					"md5Digest":	"eba555455e071421aede40df93d1ae8e",
					"compatibleApp":	"",
					"domType":	"mssDomain",
					"arch":	"32-bit",
					"appSettings":	{
						"appCompilerFlags":	"",
						"appLinkerFlags":	""
					},
					"addedLibs":	[],
					"libOptions":	{
						"libsContainingOptions":	[]
					},
					"prebuiltLibs":	{
						"prebuiltIncPath":	[],
						"prebuiltLibPath":	[]
					},
					"isolation":	{
					}
				}]
		}]
}
TRACE::2021-12-08.19:46:44::SCWMssOS::Saving the mss changes C:/Users/andrew_clinkenbeard1/Box/SOC/project_workspace/final_project/microblaze_I/standalone_domain/bsp/system.mss
TRACE::2021-12-08.19:46:44::SCWMssOS::Found a swdesign opened with the mssfile.
TRACE::2021-12-08.19:46:44::SCWMssOS::Completed writemss as part of save.
TRACE::2021-12-08.19:46:44::SCWMssOS::Commit changes completed.
TRACE::2021-12-08.19:46:44::SCWPlatform::Trying to open the hw design at C:/Users/andrew_clinkenbeard1/Box/SOC/project_workspace/final_project/hw/project_xsa.xsa
TRACE::2021-12-08.19:46:44::SCWPlatform::DSA given C:/Users/andrew_clinkenbeard1/Box/SOC/project_workspace/final_project/hw/project_xsa.xsa
TRACE::2021-12-08.19:46:44::SCWPlatform::DSA absoulate path C:/Users/andrew_clinkenbeard1/Box/SOC/project_workspace/final_project/hw/project_xsa.xsa
TRACE::2021-12-08.19:46:44::SCWPlatform::DSA directory C:/Users/andrew_clinkenbeard1/Box/SOC/project_workspace/final_project/hw
TRACE::2021-12-08.19:46:44::SCWPlatform:: Platform Path C:/Users/andrew_clinkenbeard1/Box/SOC/project_workspace/final_project/hw/project_xsa.xsa
TRACE::2021-12-08.19:46:44::SCWPlatform:: Unique name xilinx:nexys4_ddr::0.0
TRACE::2021-12-08.19:46:44::SCWPlatform::Trying to set the existing hwdb with name mcs_top_vanilla_0
TRACE::2021-12-08.19:46:44::SCWPlatform::Opened existing hwdb mcs_top_vanilla_0
TRACE::2021-12-08.19:46:44::SCWPlatform::Found the Hw Db part of the input DSA
TRACE::2021-12-08.19:46:44::SCWMssOS::Checking the sw design at  C:/Users/andrew_clinkenbeard1/Box/SOC/project_workspace/final_project/microblaze_I/standalone_domain/bsp/system.mss
TRACE::2021-12-08.19:46:44::SCWMssOS::DEBUG:  swdes dump  C:/Users/andrew_clinkenbeard1/Box/SOC/project_workspace/final_project/microblaze_I/standalone_domain/bsp/system.mss|system||

TRACE::2021-12-08.19:46:44::SCWMssOS::Sw design exists and opened at  C:/Users/andrew_clinkenbeard1/Box/SOC/project_workspace/final_project/microblaze_I/standalone_domain/bsp/system.mss
TRACE::2021-12-08.19:46:44::SCWPlatform::Trying to open the hw design at C:/Users/andrew_clinkenbeard1/Box/SOC/project_workspace/final_project/hw/project_xsa.xsa
TRACE::2021-12-08.19:46:44::SCWPlatform::DSA given C:/Users/andrew_clinkenbeard1/Box/SOC/project_workspace/final_project/hw/project_xsa.xsa
TRACE::2021-12-08.19:46:44::SCWPlatform::DSA absoulate path C:/Users/andrew_clinkenbeard1/Box/SOC/project_workspace/final_project/hw/project_xsa.xsa
TRACE::2021-12-08.19:46:45::SCWPlatform::DSA directory C:/Users/andrew_clinkenbeard1/Box/SOC/project_workspace/final_project/hw
TRACE::2021-12-08.19:46:45::SCWPlatform:: Platform Path C:/Users/andrew_clinkenbeard1/Box/SOC/project_workspace/final_project/hw/project_xsa.xsa
TRACE::2021-12-08.19:46:45::SCWPlatform:: Unique name xilinx:nexys4_ddr::0.0
TRACE::2021-12-08.19:46:45::SCWPlatform::Trying to set the existing hwdb with name mcs_top_vanilla_0
TRACE::2021-12-08.19:46:45::SCWPlatform::Opened existing hwdb mcs_top_vanilla_0
TRACE::2021-12-08.19:46:45::SCWPlatform::Found the Hw Db part of the input DSA
TRACE::2021-12-08.19:46:45::SCWMssOS::Checking the sw design at  C:/Users/andrew_clinkenbeard1/Box/SOC/project_workspace/final_project/microblaze_I/standalone_domain/bsp/system.mss
TRACE::2021-12-08.19:46:45::SCWMssOS::DEBUG:  swdes dump  C:/Users/andrew_clinkenbeard1/Box/SOC/project_workspace/final_project/microblaze_I/standalone_domain/bsp/system.mss|system||

TRACE::2021-12-08.19:46:45::SCWMssOS::Sw design exists and opened at  C:/Users/andrew_clinkenbeard1/Box/SOC/project_workspace/final_project/microblaze_I/standalone_domain/bsp/system.mss
TRACE::2021-12-08.19:46:45::SCWPlatform::Trying to open the hw design at C:/Users/andrew_clinkenbeard1/Box/SOC/project_workspace/final_project/hw/project_xsa.xsa
TRACE::2021-12-08.19:46:45::SCWPlatform::DSA given C:/Users/andrew_clinkenbeard1/Box/SOC/project_workspace/final_project/hw/project_xsa.xsa
TRACE::2021-12-08.19:46:45::SCWPlatform::DSA absoulate path C:/Users/andrew_clinkenbeard1/Box/SOC/project_workspace/final_project/hw/project_xsa.xsa
TRACE::2021-12-08.19:46:45::SCWPlatform::DSA directory C:/Users/andrew_clinkenbeard1/Box/SOC/project_workspace/final_project/hw
TRACE::2021-12-08.19:46:45::SCWPlatform:: Platform Path C:/Users/andrew_clinkenbeard1/Box/SOC/project_workspace/final_project/hw/project_xsa.xsa
TRACE::2021-12-08.19:46:45::SCWPlatform:: Unique name xilinx:nexys4_ddr::0.0
TRACE::2021-12-08.19:46:45::SCWPlatform::Trying to set the existing hwdb with name mcs_top_vanilla_0
TRACE::2021-12-08.19:46:45::SCWPlatform::Opened existing hwdb mcs_top_vanilla_0
TRACE::2021-12-08.19:46:45::SCWPlatform::Found the Hw Db part of the input DSA
TRACE::2021-12-08.19:46:45::SCWMssOS::Checking the sw design at  C:/Users/andrew_clinkenbeard1/Box/SOC/project_workspace/final_project/microblaze_I/standalone_domain/bsp/system.mss
TRACE::2021-12-08.19:46:45::SCWMssOS::DEBUG:  swdes dump  C:/Users/andrew_clinkenbeard1/Box/SOC/project_workspace/final_project/microblaze_I/standalone_domain/bsp/system.mss|system||

TRACE::2021-12-08.19:46:45::SCWMssOS::Sw design exists and opened at  C:/Users/andrew_clinkenbeard1/Box/SOC/project_workspace/final_project/microblaze_I/standalone_domain/bsp/system.mss
TRACE::2021-12-08.19:46:45::SCWWriter::formatted JSON is {
	"platformName":	"final_project",
	"sprVersion":	"2.0",
	"mode":	"gui",
	"dsaType":	"Fixed",
	"platformDesc":	"final_project",
	"platHandOff":	"C:/Users/andrew_clinkenbeard1/Box/SOC/Basic_FPro2/project_xsa.xsa",
	"platIntHandOff":	"<platformDir>/hw/project_xsa.xsa",
	"deviceType":	"FPGA",
	"platIsPrebuiltAutogen":	"false",
	"platIsNoBootBsp":	"false",
	"hasFsblMakeHasChanges":	"false",
	"hasPmufwMakeHasChanges":	"false",
	"platPreBuiltFlag":	false,
	"platformSamplesDir":	"",
	"platActiveSys":	"final_project",
	"systems":	[{
			"systemName":	"final_project",
			"systemDesc":	"final_project",
			"sysIsBootAutoGen":	"true",
			"systemDispName":	"final_project",
			"sysActiveDom":	"standalone_domain",
			"sysDefaultDom":	"standalone_domain",
			"domains":	[{
					"domainName":	"standalone_domain",
					"domainDispName":	"standalone on microblaze_I",
					"domainDesc":	"standalone_domain",
					"processors":	"microblaze_I",
					"os":	"standalone",
					"sdxOs":	"standalone",
					"debugEnable":	"False",
					"domRuntimes":	["cpp"],
					"swRepo":	"",
					"mssOsVer":	"7.5",
					"mssFile":	"",
					"md5Digest":	"eba555455e071421aede40df93d1ae8e",
					"compatibleApp":	"",
					"domType":	"mssDomain",
					"arch":	"32-bit",
					"appSettings":	{
						"appCompilerFlags":	"",
						"appLinkerFlags":	""
					},
					"addedLibs":	[],
					"libOptions":	{
						"libsContainingOptions":	[]
					},
					"prebuiltLibs":	{
						"prebuiltIncPath":	[],
						"prebuiltLibPath":	[]
					},
					"isolation":	{
					}
				}]
		}]
}
TRACE::2021-12-08.19:46:46::SCWPlatform::Clearing the existing platform
TRACE::2021-12-08.19:46:46::SCWSystem::Clearing the existing sysconfig
TRACE::2021-12-08.19:46:46::SCWMssOS::Removing the swdes entry for  C:/Users/andrew_clinkenbeard1/Box/SOC/project_workspace/final_project/microblaze_I/standalone_domain/bsp/system.mss
TRACE::2021-12-08.19:46:46::SCWSystem::Clearing the domains completed.
TRACE::2021-12-08.19:46:46::SCWPlatform::Clearing the opened hw db.
TRACE::2021-12-08.19:46:46::SCWPlatform::DSA given C:/Users/andrew_clinkenbeard1/Box/SOC/project_workspace/final_project/hw/project_xsa.xsa
TRACE::2021-12-08.19:46:46::SCWPlatform::DSA absoulate path C:/Users/andrew_clinkenbeard1/Box/SOC/project_workspace/final_project/hw/project_xsa.xsa
TRACE::2021-12-08.19:46:46::SCWPlatform:: Platform location is C:/Users/andrew_clinkenbeard1/Box/SOC/project_workspace/final_project/hw
TRACE::2021-12-08.19:46:46::SCWPlatform:: Platform Path C:/Users/andrew_clinkenbeard1/Box/SOC/project_workspace/final_project/hw/project_xsa.xsa
TRACE::2021-12-08.19:46:46::SCWPlatform:: Unique name xilinx:nexys4_ddr::0.0
TRACE::2021-12-08.19:46:46::SCWPlatform::Removing the HwDB with name C:/Users/andrew_clinkenbeard1/Box/SOC/project_workspace/final_project/hw/project_xsa.xsa
TRACE::2021-12-08.19:46:46::SCWPlatform::Trying to open the hw design at C:/Users/andrew_clinkenbeard1/Box/SOC/project_workspace/final_project/hw/project_xsa.xsa
TRACE::2021-12-08.19:46:46::SCWPlatform::DSA given C:/Users/andrew_clinkenbeard1/Box/SOC/project_workspace/final_project/hw/project_xsa.xsa
TRACE::2021-12-08.19:46:46::SCWPlatform::DSA absoulate path C:/Users/andrew_clinkenbeard1/Box/SOC/project_workspace/final_project/hw/project_xsa.xsa
TRACE::2021-12-08.19:46:46::SCWPlatform::DSA directory C:/Users/andrew_clinkenbeard1/Box/SOC/project_workspace/final_project/hw
TRACE::2021-12-08.19:46:46::SCWPlatform:: Platform Path C:/Users/andrew_clinkenbeard1/Box/SOC/project_workspace/final_project/hw/project_xsa.xsa
TRACE::2021-12-08.19:46:46::SCWPlatform:: Unique name xilinx:nexys4_ddr::0.0
TRACE::2021-12-08.19:46:46::SCWPlatform::Do not have an existing db opened. 
TRACE::2021-12-08.19:46:46::SCWPlatform::Opened new HwDB with name mcs_top_vanilla_1
TRACE::2021-12-08.19:46:46::SCWReader::Active system found as  final_project
TRACE::2021-12-08.19:46:46::SCWReader::Handling sysconfig final_project
TRACE::2021-12-08.19:46:46::SCWDomain::checking for install qemu data   : 
TRACE::2021-12-08.19:46:46::SCWPlatform::Trying to open the hw design at C:/Users/andrew_clinkenbeard1/Box/SOC/project_workspace/final_project/hw/project_xsa.xsa
TRACE::2021-12-08.19:46:46::SCWPlatform::DSA given C:/Users/andrew_clinkenbeard1/Box/SOC/project_workspace/final_project/hw/project_xsa.xsa
TRACE::2021-12-08.19:46:46::SCWPlatform::DSA absoulate path C:/Users/andrew_clinkenbeard1/Box/SOC/project_workspace/final_project/hw/project_xsa.xsa
TRACE::2021-12-08.19:46:46::SCWPlatform::DSA directory C:/Users/andrew_clinkenbeard1/Box/SOC/project_workspace/final_project/hw
TRACE::2021-12-08.19:46:46::SCWPlatform:: Platform Path C:/Users/andrew_clinkenbeard1/Box/SOC/project_workspace/final_project/hw/project_xsa.xsa
TRACE::2021-12-08.19:46:46::SCWPlatform:: Unique name xilinx:nexys4_ddr::0.0
TRACE::2021-12-08.19:46:46::SCWPlatform::Trying to set the existing hwdb with name mcs_top_vanilla_1
TRACE::2021-12-08.19:46:46::SCWPlatform::Opened existing hwdb mcs_top_vanilla_1
TRACE::2021-12-08.19:46:46::SCWPlatform::Found the Hw Db part of the input DSA
TRACE::2021-12-08.19:46:46::SCWPlatform::Trying to open the hw design at C:/Users/andrew_clinkenbeard1/Box/SOC/project_workspace/final_project/hw/project_xsa.xsa
TRACE::2021-12-08.19:46:46::SCWPlatform::DSA given C:/Users/andrew_clinkenbeard1/Box/SOC/project_workspace/final_project/hw/project_xsa.xsa
TRACE::2021-12-08.19:46:46::SCWPlatform::DSA absoulate path C:/Users/andrew_clinkenbeard1/Box/SOC/project_workspace/final_project/hw/project_xsa.xsa
TRACE::2021-12-08.19:46:46::SCWPlatform::DSA directory C:/Users/andrew_clinkenbeard1/Box/SOC/project_workspace/final_project/hw
TRACE::2021-12-08.19:46:46::SCWPlatform:: Platform Path C:/Users/andrew_clinkenbeard1/Box/SOC/project_workspace/final_project/hw/project_xsa.xsa
TRACE::2021-12-08.19:46:46::SCWPlatform:: Unique name xilinx:nexys4_ddr::0.0
TRACE::2021-12-08.19:46:46::SCWPlatform::Trying to set the existing hwdb with name mcs_top_vanilla_1
TRACE::2021-12-08.19:46:46::SCWPlatform::Opened existing hwdb mcs_top_vanilla_1
TRACE::2021-12-08.19:46:46::SCWPlatform::Found the Hw Db part of the input DSA
TRACE::2021-12-08.19:46:46::SCWPlatform::Trying to open the hw design at C:/Users/andrew_clinkenbeard1/Box/SOC/project_workspace/final_project/hw/project_xsa.xsa
TRACE::2021-12-08.19:46:46::SCWPlatform::DSA given C:/Users/andrew_clinkenbeard1/Box/SOC/project_workspace/final_project/hw/project_xsa.xsa
TRACE::2021-12-08.19:46:46::SCWPlatform::DSA absoulate path C:/Users/andrew_clinkenbeard1/Box/SOC/project_workspace/final_project/hw/project_xsa.xsa
TRACE::2021-12-08.19:46:46::SCWPlatform::DSA directory C:/Users/andrew_clinkenbeard1/Box/SOC/project_workspace/final_project/hw
TRACE::2021-12-08.19:46:46::SCWPlatform:: Platform Path C:/Users/andrew_clinkenbeard1/Box/SOC/project_workspace/final_project/hw/project_xsa.xsa
TRACE::2021-12-08.19:46:46::SCWPlatform:: Unique name xilinx:nexys4_ddr::0.0
TRACE::2021-12-08.19:46:46::SCWPlatform::Trying to set the existing hwdb with name mcs_top_vanilla_1
TRACE::2021-12-08.19:46:46::SCWPlatform::Opened existing hwdb mcs_top_vanilla_1
TRACE::2021-12-08.19:46:47::SCWPlatform::Found the Hw Db part of the input DSA
TRACE::2021-12-08.19:46:47::SCWPlatform::Trying to open the hw design at C:/Users/andrew_clinkenbeard1/Box/SOC/project_workspace/final_project/hw/project_xsa.xsa
TRACE::2021-12-08.19:46:47::SCWPlatform::DSA given C:/Users/andrew_clinkenbeard1/Box/SOC/project_workspace/final_project/hw/project_xsa.xsa
TRACE::2021-12-08.19:46:47::SCWPlatform::DSA absoulate path C:/Users/andrew_clinkenbeard1/Box/SOC/project_workspace/final_project/hw/project_xsa.xsa
TRACE::2021-12-08.19:46:47::SCWPlatform::DSA directory C:/Users/andrew_clinkenbeard1/Box/SOC/project_workspace/final_project/hw
TRACE::2021-12-08.19:46:47::SCWPlatform:: Platform Path C:/Users/andrew_clinkenbeard1/Box/SOC/project_workspace/final_project/hw/project_xsa.xsa
TRACE::2021-12-08.19:46:47::SCWPlatform:: Unique name xilinx:nexys4_ddr::0.0
TRACE::2021-12-08.19:46:47::SCWPlatform::Trying to set the existing hwdb with name mcs_top_vanilla_1
TRACE::2021-12-08.19:46:47::SCWPlatform::Opened existing hwdb mcs_top_vanilla_1
TRACE::2021-12-08.19:46:47::SCWPlatform::Found the Hw Db part of the input DSA
TRACE::2021-12-08.19:46:47::SCWMssOS::Checking the sw design at  C:/Users/andrew_clinkenbeard1/Box/SOC/project_workspace/final_project/microblaze_I/standalone_domain/bsp/system.mss
TRACE::2021-12-08.19:46:47::SCWMssOS::DEBUG:  swdes dump  
TRACE::2021-12-08.19:46:47::SCWMssOS::No sw design opened at  C:/Users/andrew_clinkenbeard1/Box/SOC/project_workspace/final_project/microblaze_I/standalone_domain/bsp/system.mss
TRACE::2021-12-08.19:46:47::SCWMssOS::mss exists loading the mss file  C:/Users/andrew_clinkenbeard1/Box/SOC/project_workspace/final_project/microblaze_I/standalone_domain/bsp/system.mss
TRACE::2021-12-08.19:46:47::SCWMssOS::Opened the sw design from mss  C:/Users/andrew_clinkenbeard1/Box/SOC/project_workspace/final_project/microblaze_I/standalone_domain/bsp/system.mss
TRACE::2021-12-08.19:46:47::SCWMssOS::Adding the swdes entry C:/Users/andrew_clinkenbeard1/Box/SOC/project_workspace/final_project/microblaze_I/standalone_domain/bsp/system.mss with des name system
TRACE::2021-12-08.19:46:47::SCWMssOS::updating the scw layer about changes
TRACE::2021-12-08.19:46:47::SCWMssOS::Opened the sw design.  C:/Users/andrew_clinkenbeard1/Box/SOC/project_workspace/final_project/microblaze_I/standalone_domain/bsp/system.mss
TRACE::2021-12-08.19:46:47::SCWMssOS::Saving the mss changes C:/Users/andrew_clinkenbeard1/Box/SOC/project_workspace/final_project/microblaze_I/standalone_domain/bsp/system.mss
TRACE::2021-12-08.19:46:47::SCWMssOS::Found a swdesign opened with the mssfile.
TRACE::2021-12-08.19:46:47::SCWMssOS::Completed writemss as part of save.
TRACE::2021-12-08.19:46:47::SCWMssOS::Commit changes completed.
TRACE::2021-12-08.19:46:47::SCWReader::Adding prebuilt librarypaths as   
TRACE::2021-12-08.19:46:47::SCWReader::Adding prebuilt incpaths  as   
TRACE::2021-12-08.19:46:47::SCWPlatform::Trying to open the hw design at C:/Users/andrew_clinkenbeard1/Box/SOC/project_workspace/final_project/hw/project_xsa.xsa
TRACE::2021-12-08.19:46:47::SCWPlatform::DSA given C:/Users/andrew_clinkenbeard1/Box/SOC/project_workspace/final_project/hw/project_xsa.xsa
TRACE::2021-12-08.19:46:47::SCWPlatform::DSA absoulate path C:/Users/andrew_clinkenbeard1/Box/SOC/project_workspace/final_project/hw/project_xsa.xsa
TRACE::2021-12-08.19:46:47::SCWPlatform::DSA directory C:/Users/andrew_clinkenbeard1/Box/SOC/project_workspace/final_project/hw
TRACE::2021-12-08.19:46:47::SCWPlatform:: Platform Path C:/Users/andrew_clinkenbeard1/Box/SOC/project_workspace/final_project/hw/project_xsa.xsa
TRACE::2021-12-08.19:46:47::SCWPlatform:: Unique name xilinx:nexys4_ddr::0.0
TRACE::2021-12-08.19:46:47::SCWPlatform::Trying to set the existing hwdb with name mcs_top_vanilla_1
TRACE::2021-12-08.19:46:47::SCWPlatform::Opened existing hwdb mcs_top_vanilla_1
TRACE::2021-12-08.19:46:47::SCWPlatform::Found the Hw Db part of the input DSA
TRACE::2021-12-08.19:46:47::SCWMssOS::Checking the sw design at  C:/Users/andrew_clinkenbeard1/Box/SOC/project_workspace/final_project/microblaze_I/standalone_domain/bsp/system.mss
TRACE::2021-12-08.19:46:47::SCWMssOS::DEBUG:  swdes dump  C:/Users/andrew_clinkenbeard1/Box/SOC/project_workspace/final_project/microblaze_I/standalone_domain/bsp/system.mss|system||

TRACE::2021-12-08.19:46:47::SCWMssOS::Sw design exists and opened at  C:/Users/andrew_clinkenbeard1/Box/SOC/project_workspace/final_project/microblaze_I/standalone_domain/bsp/system.mss
TRACE::2021-12-08.19:46:47::SCWReader::No isolation master present  
LOG::2021-12-08.19:47:05::SCWPlatform::Started generating the artifacts platform final_project
TRACE::2021-12-08.19:47:05::SCWPlatform::Sanity checking of platform is completed
LOG::2021-12-08.19:47:05::SCWPlatform::Started generating the artifacts for system configuration final_project
LOG::2021-12-08.19:47:05::SCWSystem::Checking the domain standalone_domain
LOG::2021-12-08.19:47:05::SCWSystem::Not a boot domain 
LOG::2021-12-08.19:47:05::SCWSystem::Started Processing the domain standalone_domain
TRACE::2021-12-08.19:47:05::SCWDomain::Generating domain artifcats
TRACE::2021-12-08.19:47:05::SCWMssOS::Generating standalone artifcats
TRACE::2021-12-08.19:47:05::SCWMssOS:: Copying the user libraries. 
TRACE::2021-12-08.19:47:05::SCWPlatform::Trying to open the hw design at C:/Users/andrew_clinkenbeard1/Box/SOC/project_workspace/final_project/hw/project_xsa.xsa
TRACE::2021-12-08.19:47:05::SCWPlatform::DSA given C:/Users/andrew_clinkenbeard1/Box/SOC/project_workspace/final_project/hw/project_xsa.xsa
TRACE::2021-12-08.19:47:05::SCWPlatform::DSA absoulate path C:/Users/andrew_clinkenbeard1/Box/SOC/project_workspace/final_project/hw/project_xsa.xsa
TRACE::2021-12-08.19:47:05::SCWPlatform::DSA directory C:/Users/andrew_clinkenbeard1/Box/SOC/project_workspace/final_project/hw
TRACE::2021-12-08.19:47:05::SCWPlatform:: Platform Path C:/Users/andrew_clinkenbeard1/Box/SOC/project_workspace/final_project/hw/project_xsa.xsa
TRACE::2021-12-08.19:47:05::SCWPlatform:: Unique name xilinx:nexys4_ddr::0.0
TRACE::2021-12-08.19:47:05::SCWPlatform::Trying to set the existing hwdb with name mcs_top_vanilla_1
TRACE::2021-12-08.19:47:05::SCWPlatform::Opened existing hwdb mcs_top_vanilla_1
TRACE::2021-12-08.19:47:05::SCWPlatform::Found the Hw Db part of the input DSA
TRACE::2021-12-08.19:47:05::SCWMssOS::Checking the sw design at  C:/Users/andrew_clinkenbeard1/Box/SOC/project_workspace/final_project/microblaze_I/standalone_domain/bsp/system.mss
TRACE::2021-12-08.19:47:05::SCWMssOS::DEBUG:  swdes dump  C:/Users/andrew_clinkenbeard1/Box/SOC/project_workspace/final_project/microblaze_I/standalone_domain/bsp/system.mss|system||

TRACE::2021-12-08.19:47:05::SCWMssOS::Sw design exists and opened at  C:/Users/andrew_clinkenbeard1/Box/SOC/project_workspace/final_project/microblaze_I/standalone_domain/bsp/system.mss
TRACE::2021-12-08.19:47:05::SCWMssOS::Completed writing the mss file at C:/Users/andrew_clinkenbeard1/Box/SOC/project_workspace/final_project/microblaze_I/standalone_domain/bsp
TRACE::2021-12-08.19:47:05::SCWMssOS::Mss edits present, copying mssfile into export location C:/Users/andrew_clinkenbeard1/Box/SOC/project_workspace/final_project/microblaze_I/standalone_domain/bsp/system.mss
TRACE::2021-12-08.19:47:05::SCWMssOS::bsp generated is upto date with the mss file. Skipping bsp generation.
TRACE::2021-12-08.19:47:05::SCWMssOS::BSP is already built. skipping the bsp build ... 
TRACE::2021-12-08.19:47:05::SCWDomain::Building the domain as part of full build :  standalone_domain
TRACE::2021-12-08.19:47:05::SCWMssOS::doing bsp build ... 
TRACE::2021-12-08.19:47:05::SCWMssOS::System Command Ran  C: & cd  C:/Users/andrew_clinkenbeard1/Box/SOC/project_workspace/final_project/microblaze_I/standalone_domain/bsp & make 
TRACE::2021-12-08.19:47:05::SCWMssOS::make --no-print-directory seq_libs

TRACE::2021-12-08.19:47:06::SCWMssOS::'Finished building libraries sequentially.'

TRACE::2021-12-08.19:47:06::SCWMssOS::make -j 6 --no-print-directory par_libs

TRACE::2021-12-08.19:47:06::SCWMssOS::"Running Make include in microblaze_I/libsrc/bram_v4_6/src"

TRACE::2021-12-08.19:47:06::SCWMssOS::make -C microblaze_I/libsrc/bram_v4_6/src -s include  "SHELL=CMD" "COMPILER=mb-gcc" "ASSEMBLER=mb-as" "ARCHIVER=mb-ar" "COMPILE
TRACE::2021-12-08.19:47:06::SCWMssOS::R_FLAGS=  -O2 -c -mcpu=v11.0 -mlittle-endian -mno-xl-reorder -mxl-soft-mul" "EXTRA_COMPILER_FLAGS=-g -ffunction-sections -fdata
TRACE::2021-12-08.19:47:06::SCWMssOS::-sections -Wall -Wextra -fno-tree-loop-distribute-patterns"

TRACE::2021-12-08.19:47:06::SCWMssOS::"Running Make include in microblaze_I/libsrc/cpu_v2_13/src"

TRACE::2021-12-08.19:47:06::SCWMssOS::make -C microblaze_I/libsrc/cpu_v2_13/src -s include  "SHELL=CMD" "COMPILER=mb-gcc" "ASSEMBLER=mb-as" "ARCHIVER=mb-ar" "COMPILE
TRACE::2021-12-08.19:47:06::SCWMssOS::R_FLAGS=  -O2 -c -mcpu=v11.0 -mlittle-endian -mno-xl-reorder -mxl-soft-mul" "EXTRA_COMPILER_FLAGS=-g -ffunction-sections -fdata
TRACE::2021-12-08.19:47:06::SCWMssOS::-sections -Wall -Wextra -fno-tree-loop-distribute-patterns"

TRACE::2021-12-08.19:47:06::SCWMssOS::"Running Make include in microblaze_I/libsrc/iomodule_v2_11/src"

TRACE::2021-12-08.19:47:06::SCWMssOS::make -C microblaze_I/libsrc/iomodule_v2_11/src -s include  "SHELL=CMD" "COMPILER=mb-gcc" "ASSEMBLER=mb-as" "ARCHIVER=mb-ar" "CO
TRACE::2021-12-08.19:47:06::SCWMssOS::MPILER_FLAGS=  -O2 -c -mcpu=v11.0 -mlittle-endian -mno-xl-reorder -mxl-soft-mul" "EXTRA_COMPILER_FLAGS=-g -ffunction-sections -
TRACE::2021-12-08.19:47:06::SCWMssOS::fdata-sections -Wall -Wextra -fno-tree-loop-distribute-patterns"

TRACE::2021-12-08.19:47:06::SCWMssOS::"Running Make include in microblaze_I/libsrc/standalone_v7_5/src"

TRACE::2021-12-08.19:47:06::SCWMssOS::make -C microblaze_I/libsrc/standalone_v7_5/src -s include  "SHELL=CMD" "COMPILER=mb-gcc" "ASSEMBLER=mb-as" "ARCHIVER=mb-ar" "C
TRACE::2021-12-08.19:47:06::SCWMssOS::OMPILER_FLAGS=  -O2 -c -mcpu=v11.0 -mlittle-endian -mno-xl-reorder -mxl-soft-mul" "EXTRA_COMPILER_FLAGS=-g -ffunction-sections 
TRACE::2021-12-08.19:47:06::SCWMssOS::-fdata-sections -Wall -Wextra -fno-tree-loop-distribute-patterns"

TRACE::2021-12-08.19:47:07::SCWMssOS::"Running Make libs in microblaze_I/libsrc/bram_v4_6/src"

TRACE::2021-12-08.19:47:07::SCWMssOS::make -C microblaze_I/libsrc/bram_v4_6/src -s libs  "SHELL=CMD" "COMPILER=mb-gcc" "ASSEMBLER=mb-as" "ARCHIVER=mb-ar" "COMPILER_F
TRACE::2021-12-08.19:47:07::SCWMssOS::LAGS=  -O2 -c -mcpu=v11.0 -mlittle-endian -mno-xl-reorder -mxl-soft-mul" "EXTRA_COMPILER_FLAGS=-g -ffunction-sections -fdata-se
TRACE::2021-12-08.19:47:07::SCWMssOS::ctions -Wall -Wextra -fno-tree-loop-distribute-patterns"

TRACE::2021-12-08.19:47:07::SCWMssOS::"Running Make libs in microblaze_I/libsrc/cpu_v2_13/src"

TRACE::2021-12-08.19:47:07::SCWMssOS::"Running Make libs in microblaze_I/libsrc/iomodule_v2_11/src"

TRACE::2021-12-08.19:47:07::SCWMssOS::make -C microblaze_I/libsrc/cpu_v2_13/src -s libs  "SHELL=CMD" "COMPILER=mb-gcc" "ASSEMBLER=mb-as" "ARCHIVER=mb-ar" "COMPILER_F
TRACE::2021-12-08.19:47:07::SCWMssOS::LAGS=  -O2 -c -mcpu=v11.0 -mlittle-endian -mno-xl-reorder -mxl-soft-mul" "EXTRA_COMPILER_FLAGS=-g -ffunction-sections -fdata-se
TRACE::2021-12-08.19:47:07::SCWMssOS::ctions -Wall -Wextra -fno-tree-loop-distribute-patterns"

TRACE::2021-12-08.19:47:08::SCWMssOS::make -C microblaze_I/libsrc/iomodule_v2_11/src -s libs  "SHELL=CMD" "COMPILER=mb-gcc" "ASSEMBLER=mb-as" "ARCHIVER=mb-ar" "COMPI
TRACE::2021-12-08.19:47:08::SCWMssOS::LER_FLAGS=  -O2 -c -mcpu=v11.0 -mlittle-endian -mno-xl-reorder -mxl-soft-mul" "EXTRA_COMPILER_FLAGS=-g -ffunction-sections -fda
TRACE::2021-12-08.19:47:08::SCWMssOS::ta-sections -Wall -Wextra -fno-tree-loop-distribute-patterns"

TRACE::2021-12-08.19:47:08::SCWMssOS::"Running Make libs in microblaze_I/libsrc/standalone_v7_5/src"

TRACE::2021-12-08.19:47:08::SCWMssOS::make -C microblaze_I/libsrc/standalone_v7_5/src -s libs  "SHELL=CMD" "COMPILER=mb-gcc" "ASSEMBLER=mb-as" "ARCHIVER=mb-ar" "COMP
TRACE::2021-12-08.19:47:08::SCWMssOS::ILER_FLAGS=  -O2 -c -mcpu=v11.0 -mlittle-endian -mno-xl-reorder -mxl-soft-mul" "EXTRA_COMPILER_FLAGS=-g -ffunction-sections -fd
TRACE::2021-12-08.19:47:08::SCWMssOS::ata-sections -Wall -Wextra -fno-tree-loop-distribute-patterns"

TRACE::2021-12-08.19:47:13::SCWMssOS::"DEBUG NON_LTO_OBJECTS is ../../../lib/microblaze_interrupt_handler.o"

TRACE::2021-12-08.19:47:13::SCWMssOS::'Finished building libraries parallelly.'

TRACE::2021-12-08.19:47:13::SCWMssOS::make --no-print-directory archive

TRACE::2021-12-08.19:47:13::SCWMssOS::mb-ar -r  microblaze_I/lib/libxil.a microblaze_I/lib/xplatform_info.o microblaze_I/lib/microblaze_disable_exceptions.o microbla
TRACE::2021-12-08.19:47:13::SCWMssOS::ze_I/lib/print.o microblaze_I/lib/_exit.o microblaze_I/lib/xil_testio.o microblaze_I/lib/microblaze_disable_dcache.o microblaze
TRACE::2021-12-08.19:47:13::SCWMssOS::_I/lib/microblaze_flush_dcache_range.o microblaze_I/lib/microblaze_flush_cache_ext.o microblaze_I/lib/xbram_sinit.o microblaze_
TRACE::2021-12-08.19:47:13::SCWMssOS::I/lib/xil_misc_psreset_api.o microblaze_I/lib/xil_cache.o microblaze_I/lib/inbyte.o microblaze_I/lib/xbram_g.o microblaze_I/lib
TRACE::2021-12-08.19:47:13::SCWMssOS::/xiomodule_intr.o microblaze_I/lib/xiomodule_options.o microblaze_I/lib/microblaze_exception_handler.o microblaze_I/lib/microbl
TRACE::2021-12-08.19:47:13::SCWMssOS::aze_scrub.o microblaze_I/lib/microblaze_invalidate_dcache.o microblaze_I/lib/microblaze_disable_interrupts.o microblaze_I/lib/x
TRACE::2021-12-08.19:47:13::SCWMssOS::bram_selftest.o microblaze_I/lib/microblaze_interrupt_handler.o microblaze_I/lib/xiomodule_l.o microblaze_I/lib/microblaze_disa
TRACE::2021-12-08.19:47:13::SCWMssOS::ble_icache.o microblaze_I/lib/xil_clocking.o microblaze_I/lib/xil_mem.o microblaze_I/lib/xiomodule.o microblaze_I/lib/microblaz
TRACE::2021-12-08.19:47:13::SCWMssOS::e_flush_cache_ext_range.o microblaze_I/lib/xbram_intr.o microblaze_I/lib/xil_sleepcommon.o microblaze_I/lib/xil_printf.o microb
TRACE::2021-12-08.19:47:13::SCWMssOS::laze_I/lib/xio.o microblaze_I/lib/xiomodule_extra.o microblaze_I/lib/outbyte.o microblaze_I/lib/microblaze_invalidate_dcache_ra
TRACE::2021-12-08.19:47:13::SCWMssOS::nge.o microblaze_I/lib/microblaze_invalidate_cache_ext.o microblaze_I/lib/microblaze_sleep.o microblaze_I/lib/hw_exception_hand
TRACE::2021-12-08.19:47:13::SCWMssOS::ler.o microblaze_I/lib/xiomodule_stats.o microblaze_I/lib/xil_util.o microblaze_I/lib/microblaze_update_dcache.o microblaze_I/l
TRACE::2021-12-08.19:47:13::SCWMssOS::ib/xil_testcache.o microblaze_I/lib/microblaze_selftest.o microblaze_I/lib/microblaze_interrupts_g.o microblaze_I/lib/microblaz
TRACE::2021-12-08.19:47:13::SCWMssOS::e_enable_exceptions.o microblaze_I/lib/xiomodule_uart_intr.o microblaze_I/lib/microblaze_enable_dcache.o microblaze_I/lib/xbram
TRACE::2021-12-08.19:47:13::SCWMssOS::.o microblaze_I/lib/microblaze_invalidate_icache_range.o microblaze_I/lib/microblaze_init_dcache_range.o microblaze_I/lib/micro
TRACE::2021-12-08.19:47:13::SCWMssOS::blaze_invalidate_icache.o microblaze_I/lib/errno.o microblaze_I/lib/xiomodule_uart.o microblaze_I/lib/microblaze_invalidate_cac
TRACE::2021-12-08.19:47:13::SCWMssOS::he_ext_range.o microblaze_I/lib/xil_exception.o microblaze_I/lib/pvr.o microblaze_I/lib/xil_testmem.o microblaze_I/lib/microbla
TRACE::2021-12-08.19:47:13::SCWMssOS::ze_update_icache.o microblaze_I/lib/microblaze_flush_dcache.o microblaze_I/lib/xiomodule_g.o microblaze_I/lib/xil_assert.o micr
TRACE::2021-12-08.19:47:13::SCWMssOS::oblaze_I/lib/microblaze_enable_interrupts.o microblaze_I/lib/microblaze_enable_icache.o microblaze_I/lib/xiomodule_selftest.o m
TRACE::2021-12-08.19:47:13::SCWMssOS::icroblaze_I/lib/fcntl.o microblaze_I/lib/microblaze_init_icache_range.o

TRACE::2021-12-08.19:47:15::SCWMssOS::'Finished building libraries'

TRACE::2021-12-08.19:47:19::SCWMssOS::Copying to export directory.
TRACE::2021-12-08.19:47:24::SCWMssOS:: Checking if to create the Supporting Applications
TRACE::2021-12-08.19:47:24::SCWMssOS:: No Linux domain exists, trying to generate FSBL 
LOG::2021-12-08.19:47:24::SCWSystem::Completed Processing the domain standalone_domain
LOG::2021-12-08.19:47:24::SCWSystem::Completed Processing the sysconfig final_project
LOG::2021-12-08.19:47:24::SCWPlatform::Completed generating the artifacts for system configuration final_project
TRACE::2021-12-08.19:47:24::SCWPlatform::Started preparing the platform 
TRACE::2021-12-08.19:47:24::SCWSystem::Writing the bif file for system config final_project
TRACE::2021-12-08.19:47:24::SCWSystem::dir created 
TRACE::2021-12-08.19:47:24::SCWSystem::Writing the bif 
TRACE::2021-12-08.19:47:24::SCWPlatform::Started writing the spfm file 
TRACE::2021-12-08.19:47:24::SCWPlatform::Started writing the xpfm file 
TRACE::2021-12-08.19:47:24::SCWPlatform::Completed generating the platform
TRACE::2021-12-08.19:47:24::SCWMssOS::Saving the mss changes C:/Users/andrew_clinkenbeard1/Box/SOC/project_workspace/final_project/microblaze_I/standalone_domain/bsp/system.mss
TRACE::2021-12-08.19:47:24::SCWMssOS::Found a swdesign opened with the mssfile.
TRACE::2021-12-08.19:47:24::SCWMssOS::Completed writemss as part of save.
TRACE::2021-12-08.19:47:24::SCWMssOS::Commit changes completed.
TRACE::2021-12-08.19:47:24::SCWPlatform::Trying to open the hw design at C:/Users/andrew_clinkenbeard1/Box/SOC/project_workspace/final_project/hw/project_xsa.xsa
TRACE::2021-12-08.19:47:24::SCWPlatform::DSA given C:/Users/andrew_clinkenbeard1/Box/SOC/project_workspace/final_project/hw/project_xsa.xsa
TRACE::2021-12-08.19:47:24::SCWPlatform::DSA absoulate path C:/Users/andrew_clinkenbeard1/Box/SOC/project_workspace/final_project/hw/project_xsa.xsa
TRACE::2021-12-08.19:47:24::SCWPlatform::DSA directory C:/Users/andrew_clinkenbeard1/Box/SOC/project_workspace/final_project/hw
TRACE::2021-12-08.19:47:24::SCWPlatform:: Platform Path C:/Users/andrew_clinkenbeard1/Box/SOC/project_workspace/final_project/hw/project_xsa.xsa
TRACE::2021-12-08.19:47:24::SCWPlatform:: Unique name xilinx:nexys4_ddr::0.0
TRACE::2021-12-08.19:47:25::SCWPlatform::Trying to set the existing hwdb with name mcs_top_vanilla_1
TRACE::2021-12-08.19:47:25::SCWPlatform::Opened existing hwdb mcs_top_vanilla_1
TRACE::2021-12-08.19:47:25::SCWPlatform::Found the Hw Db part of the input DSA
TRACE::2021-12-08.19:47:25::SCWMssOS::Checking the sw design at  C:/Users/andrew_clinkenbeard1/Box/SOC/project_workspace/final_project/microblaze_I/standalone_domain/bsp/system.mss
TRACE::2021-12-08.19:47:25::SCWMssOS::DEBUG:  swdes dump  C:/Users/andrew_clinkenbeard1/Box/SOC/project_workspace/final_project/microblaze_I/standalone_domain/bsp/system.mss|system||

TRACE::2021-12-08.19:47:25::SCWMssOS::Sw design exists and opened at  C:/Users/andrew_clinkenbeard1/Box/SOC/project_workspace/final_project/microblaze_I/standalone_domain/bsp/system.mss
TRACE::2021-12-08.19:47:25::SCWWriter::formatted JSON is {
	"platformName":	"final_project",
	"sprVersion":	"2.0",
	"mode":	"gui",
	"dsaType":	"Fixed",
	"platformDesc":	"final_project",
	"platHandOff":	"C:/Users/andrew_clinkenbeard1/Box/SOC/Basic_FPro2/project_xsa.xsa",
	"platIntHandOff":	"<platformDir>/hw/project_xsa.xsa",
	"deviceType":	"FPGA",
	"platIsPrebuiltAutogen":	"false",
	"platIsNoBootBsp":	"false",
	"hasFsblMakeHasChanges":	"false",
	"hasPmufwMakeHasChanges":	"false",
	"platPreBuiltFlag":	false,
	"platformSamplesDir":	"",
	"platActiveSys":	"final_project",
	"systems":	[{
			"systemName":	"final_project",
			"systemDesc":	"final_project",
			"sysIsBootAutoGen":	"true",
			"systemDispName":	"final_project",
			"sysActiveDom":	"standalone_domain",
			"sysDefaultDom":	"standalone_domain",
			"domains":	[{
					"domainName":	"standalone_domain",
					"domainDispName":	"standalone on microblaze_I",
					"domainDesc":	"standalone_domain",
					"processors":	"microblaze_I",
					"os":	"standalone",
					"sdxOs":	"standalone",
					"debugEnable":	"False",
					"domRuntimes":	["cpp"],
					"swRepo":	"",
					"mssOsVer":	"7.5",
					"mssFile":	"",
					"md5Digest":	"eba555455e071421aede40df93d1ae8e",
					"compatibleApp":	"",
					"domType":	"mssDomain",
					"arch":	"32-bit",
					"appSettings":	{
						"appCompilerFlags":	"",
						"appLinkerFlags":	""
					},
					"addedLibs":	[],
					"libOptions":	{
						"libsContainingOptions":	[]
					},
					"prebuiltLibs":	{
						"prebuiltIncPath":	[],
						"prebuiltLibPath":	[]
					},
					"isolation":	{
					}
				}]
		}]
}
KEYINFO::2021-12-08.19:47:25::SCWPlatform::updated the xpfm file.
TRACE::2021-12-08.19:47:25::SCWPlatform::Trying to open the hw design at C:/Users/andrew_clinkenbeard1/Box/SOC/project_workspace/final_project/hw/project_xsa.xsa
TRACE::2021-12-08.19:47:25::SCWPlatform::DSA given C:/Users/andrew_clinkenbeard1/Box/SOC/project_workspace/final_project/hw/project_xsa.xsa
TRACE::2021-12-08.19:47:25::SCWPlatform::DSA absoulate path C:/Users/andrew_clinkenbeard1/Box/SOC/project_workspace/final_project/hw/project_xsa.xsa
TRACE::2021-12-08.19:47:25::SCWPlatform::DSA directory C:/Users/andrew_clinkenbeard1/Box/SOC/project_workspace/final_project/hw
TRACE::2021-12-08.19:47:25::SCWPlatform:: Platform Path C:/Users/andrew_clinkenbeard1/Box/SOC/project_workspace/final_project/hw/project_xsa.xsa
TRACE::2021-12-08.19:47:25::SCWPlatform:: Unique name xilinx:nexys4_ddr::0.0
TRACE::2021-12-08.19:47:25::SCWPlatform::Trying to set the existing hwdb with name mcs_top_vanilla_1
TRACE::2021-12-08.19:47:25::SCWPlatform::Opened existing hwdb mcs_top_vanilla_1
TRACE::2021-12-08.19:47:25::SCWPlatform::Found the Hw Db part of the input DSA
TRACE::2021-12-08.19:47:25::SCWMssOS::Checking the sw design at  C:/Users/andrew_clinkenbeard1/Box/SOC/project_workspace/final_project/microblaze_I/standalone_domain/bsp/system.mss
TRACE::2021-12-08.19:47:25::SCWMssOS::DEBUG:  swdes dump  C:/Users/andrew_clinkenbeard1/Box/SOC/project_workspace/final_project/microblaze_I/standalone_domain/bsp/system.mss|system||

TRACE::2021-12-08.19:47:25::SCWMssOS::Sw design exists and opened at  C:/Users/andrew_clinkenbeard1/Box/SOC/project_workspace/final_project/microblaze_I/standalone_domain/bsp/system.mss
