19:46:00 INFO  : Launching XSCT server: xsct.bat -n  -interactive C:\Users\andrew_clinkenbeard1\Box\SOC\project_workspace\temp_xsdb_launch_script.tcl
19:46:00 INFO  : Registering command handlers for Vitis TCF services
19:46:00 INFO  : Platform repository initialization has completed.
19:46:04 INFO  : XSCT server has started successfully.
19:46:04 INFO  : Successfully done setting XSCT server connection channel  
19:46:04 INFO  : plnx-install-location is set to ''
19:46:04 INFO  : Successfully done query RDI_DATADIR 
19:46:04 INFO  : Successfully done setting workspace for the tool. 
19:46:42 INFO  : Result from executing command 'getProjects': final_project
19:46:42 INFO  : Result from executing command 'getPlatforms': 
19:47:25 INFO  : Result from executing command 'getProjects': final_project
19:47:25 INFO  : Result from executing command 'getPlatforms': final_project|C:/Users/andrew_clinkenbeard1/Box/SOC/project_workspace/final_project/export/final_project/final_project.xpfm
19:52:01 INFO  : Checking for BSP changes to sync application flags for project 'final_app'...
19:53:44 INFO  : Bit file 'C:/Users/andrew_clinkenbeard1/Box/SOC/project_workspace/final_app/_ide/bitstream/download.bit' is generated.
19:53:47 INFO  : Connected to target on host '127.0.0.1' and port '3121'.
19:53:49 INFO  : 'targets -set -filter {jtag_cable_name =~ "Digilent Nexys4DDR 210292A4BA3FA" && level==0 && jtag_device_ctx=="jsn-Nexys4DDR-210292A4BA3FA-13631093-0"}' command is executed.
19:53:50 INFO  : Device configured successfully with "C:/Users/andrew_clinkenbeard1/Box/SOC/project_workspace/final_app/_ide/bitstream/download.bit"
19:58:55 INFO  : Checking for BSP changes to sync application flags for project 'final_app'...
19:59:25 INFO  : Bit file 'C:/Users/andrew_clinkenbeard1/Box/SOC/project_workspace/final_app/_ide/bitstream/download.bit' is generated.
19:59:25 INFO  : Connected to target on host '127.0.0.1' and port '3121'.
19:59:26 INFO  : 'targets -set -filter {jtag_cable_name =~ "Digilent Nexys4DDR 210292A4BA3FA" && level==0 && jtag_device_ctx=="jsn-Nexys4DDR-210292A4BA3FA-13631093-0"}' command is executed.
19:59:26 INFO  : Device configured successfully with "C:/Users/andrew_clinkenbeard1/Box/SOC/project_workspace/final_app/_ide/bitstream/download.bit"
20:06:24 INFO  : Bit file 'C:/Users/andrew_clinkenbeard1/Box/SOC/project_workspace/final_app/_ide/bitstream/download.bit' is generated.
20:06:24 INFO  : Connected to target on host '127.0.0.1' and port '3121'.
20:06:24 INFO  : 'targets -set -filter {jtag_cable_name =~ "Digilent Nexys4DDR 210292A4BA3FA" && level==0 && jtag_device_ctx=="jsn-Nexys4DDR-210292A4BA3FA-13631093-0"}' command is executed.
20:06:25 INFO  : Device configured successfully with "C:/Users/andrew_clinkenbeard1/Box/SOC/project_workspace/final_app/_ide/bitstream/download.bit"
20:19:03 INFO  : Checking for BSP changes to sync application flags for project 'final_app'...
20:19:34 INFO  : Checking for BSP changes to sync application flags for project 'final_app'...
20:20:47 INFO  : Checking for BSP changes to sync application flags for project 'final_app'...
20:21:17 INFO  : Bit file 'C:/Users/andrew_clinkenbeard1/Box/SOC/project_workspace/final_app/_ide/bitstream/download.bit' is generated.
20:21:17 INFO  : Connected to target on host '127.0.0.1' and port '3121'.
20:21:17 INFO  : 'targets -set -filter {jtag_cable_name =~ "Digilent Nexys4DDR 210292A4BA3FA" && level==0 && jtag_device_ctx=="jsn-Nexys4DDR-210292A4BA3FA-13631093-0"}' command is executed.
20:21:18 INFO  : Device configured successfully with "C:/Users/andrew_clinkenbeard1/Box/SOC/project_workspace/final_app/_ide/bitstream/download.bit"
20:34:23 INFO  : Checking for BSP changes to sync application flags for project 'final_app'...
20:35:14 INFO  : Checking for BSP changes to sync application flags for project 'final_app'...
20:35:23 INFO  : Checking for BSP changes to sync application flags for project 'final_app'...
20:35:58 INFO  : Checking for BSP changes to sync application flags for project 'final_app'...
20:36:21 INFO  : Checking for BSP changes to sync application flags for project 'final_app'...
20:36:51 INFO  : Bit file 'C:/Users/andrew_clinkenbeard1/Box/SOC/project_workspace/final_app/_ide/bitstream/download.bit' is generated.
20:36:51 INFO  : Connected to target on host '127.0.0.1' and port '3121'.
20:36:51 INFO  : 'targets -set -filter {jtag_cable_name =~ "Digilent Nexys4DDR 210292A4BA3FA" && level==0 && jtag_device_ctx=="jsn-Nexys4DDR-210292A4BA3FA-13631093-0"}' command is executed.
20:36:52 INFO  : Device configured successfully with "C:/Users/andrew_clinkenbeard1/Box/SOC/project_workspace/final_app/_ide/bitstream/download.bit"
20:56:22 INFO  : Checking for BSP changes to sync application flags for project 'final_app'...
20:56:40 INFO  : Checking for BSP changes to sync application flags for project 'final_app'...
20:57:24 INFO  : Checking for BSP changes to sync application flags for project 'final_app'...
20:58:00 INFO  : Checking for BSP changes to sync application flags for project 'final_app'...
20:58:35 INFO  : Bit file 'C:/Users/andrew_clinkenbeard1/Box/SOC/project_workspace/final_app/_ide/bitstream/download.bit' is generated.
20:58:35 INFO  : Connected to target on host '127.0.0.1' and port '3121'.
20:58:35 INFO  : 'targets -set -filter {jtag_cable_name =~ "Digilent Nexys4DDR 210292A4BA3FA" && level==0 && jtag_device_ctx=="jsn-Nexys4DDR-210292A4BA3FA-13631093-0"}' command is executed.
20:58:36 INFO  : Device configured successfully with "C:/Users/andrew_clinkenbeard1/Box/SOC/project_workspace/final_app/_ide/bitstream/download.bit"
21:02:39 INFO  : Checking for BSP changes to sync application flags for project 'final_app'...
21:03:20 INFO  : Checking for BSP changes to sync application flags for project 'final_app'...
21:05:03 INFO  : Checking for BSP changes to sync application flags for project 'final_app'...
21:05:34 INFO  : Bit file 'C:/Users/andrew_clinkenbeard1/Box/SOC/project_workspace/final_app/_ide/bitstream/download.bit' is generated.
21:05:34 INFO  : Connected to target on host '127.0.0.1' and port '3121'.
21:05:34 INFO  : 'targets -set -filter {jtag_cable_name =~ "Digilent Nexys4DDR 210292A4BA3FA" && level==0 && jtag_device_ctx=="jsn-Nexys4DDR-210292A4BA3FA-13631093-0"}' command is executed.
21:05:35 INFO  : Device configured successfully with "C:/Users/andrew_clinkenbeard1/Box/SOC/project_workspace/final_app/_ide/bitstream/download.bit"
21:07:18 INFO  : Checking for BSP changes to sync application flags for project 'final_app'...
21:08:07 INFO  : Bit file 'C:/Users/andrew_clinkenbeard1/Box/SOC/project_workspace/final_app/_ide/bitstream/download.bit' is generated.
21:08:07 INFO  : Connected to target on host '127.0.0.1' and port '3121'.
21:08:08 INFO  : 'targets -set -filter {jtag_cable_name =~ "Digilent Nexys4DDR 210292A4BA3FA" && level==0 && jtag_device_ctx=="jsn-Nexys4DDR-210292A4BA3FA-13631093-0"}' command is executed.
21:08:08 INFO  : Device configured successfully with "C:/Users/andrew_clinkenbeard1/Box/SOC/project_workspace/final_app/_ide/bitstream/download.bit"
21:09:18 INFO  : Checking for BSP changes to sync application flags for project 'final_app'...
21:09:37 INFO  : Checking for BSP changes to sync application flags for project 'final_app'...
21:10:13 INFO  : Bit file 'C:/Users/andrew_clinkenbeard1/Box/SOC/project_workspace/final_app/_ide/bitstream/download.bit' is generated.
21:10:13 INFO  : Connected to target on host '127.0.0.1' and port '3121'.
21:10:13 INFO  : 'targets -set -filter {jtag_cable_name =~ "Digilent Nexys4DDR 210292A4BA3FA" && level==0 && jtag_device_ctx=="jsn-Nexys4DDR-210292A4BA3FA-13631093-0"}' command is executed.
21:10:14 INFO  : Device configured successfully with "C:/Users/andrew_clinkenbeard1/Box/SOC/project_workspace/final_app/_ide/bitstream/download.bit"
21:11:42 INFO  : Checking for BSP changes to sync application flags for project 'final_app'...
21:12:34 INFO  : Bit file 'C:/Users/andrew_clinkenbeard1/Box/SOC/project_workspace/final_app/_ide/bitstream/download.bit' is generated.
21:12:34 INFO  : Connected to target on host '127.0.0.1' and port '3121'.
21:12:34 INFO  : 'targets -set -filter {jtag_cable_name =~ "Digilent Nexys4DDR 210292A4BA3FA" && level==0 && jtag_device_ctx=="jsn-Nexys4DDR-210292A4BA3FA-13631093-0"}' command is executed.
21:12:35 INFO  : Device configured successfully with "C:/Users/andrew_clinkenbeard1/Box/SOC/project_workspace/final_app/_ide/bitstream/download.bit"
21:17:00 INFO  : Checking for BSP changes to sync application flags for project 'final_app'...
21:17:32 INFO  : Bit file 'C:/Users/andrew_clinkenbeard1/Box/SOC/project_workspace/final_app/_ide/bitstream/download.bit' is generated.
21:17:32 INFO  : Connected to target on host '127.0.0.1' and port '3121'.
21:17:32 INFO  : 'targets -set -filter {jtag_cable_name =~ "Digilent Nexys4DDR 210292A4BA3FA" && level==0 && jtag_device_ctx=="jsn-Nexys4DDR-210292A4BA3FA-13631093-0"}' command is executed.
21:17:32 INFO  : Device configured successfully with "C:/Users/andrew_clinkenbeard1/Box/SOC/project_workspace/final_app/_ide/bitstream/download.bit"
21:21:07 INFO  : Checking for BSP changes to sync application flags for project 'final_app'...
21:21:39 INFO  : Bit file 'C:/Users/andrew_clinkenbeard1/Box/SOC/project_workspace/final_app/_ide/bitstream/download.bit' is generated.
21:21:39 INFO  : Connected to target on host '127.0.0.1' and port '3121'.
21:21:39 INFO  : 'targets -set -filter {jtag_cable_name =~ "Digilent Nexys4DDR 210292A4BA3FA" && level==0 && jtag_device_ctx=="jsn-Nexys4DDR-210292A4BA3FA-13631093-0"}' command is executed.
21:21:40 INFO  : Device configured successfully with "C:/Users/andrew_clinkenbeard1/Box/SOC/project_workspace/final_app/_ide/bitstream/download.bit"
21:23:52 INFO  : Checking for BSP changes to sync application flags for project 'final_app'...
21:25:00 INFO  : Bit file 'C:/Users/andrew_clinkenbeard1/Box/SOC/project_workspace/final_app/_ide/bitstream/download.bit' is generated.
21:25:00 INFO  : Connected to target on host '127.0.0.1' and port '3121'.
21:25:00 INFO  : 'targets -set -filter {jtag_cable_name =~ "Digilent Nexys4DDR 210292A4BA3FA" && level==0 && jtag_device_ctx=="jsn-Nexys4DDR-210292A4BA3FA-13631093-0"}' command is executed.
21:25:01 INFO  : Device configured successfully with "C:/Users/andrew_clinkenbeard1/Box/SOC/project_workspace/final_app/_ide/bitstream/download.bit"
21:26:08 INFO  : Checking for BSP changes to sync application flags for project 'final_app'...
21:26:40 INFO  : Bit file 'C:/Users/andrew_clinkenbeard1/Box/SOC/project_workspace/final_app/_ide/bitstream/download.bit' is generated.
21:26:40 INFO  : Connected to target on host '127.0.0.1' and port '3121'.
21:26:40 INFO  : 'targets -set -filter {jtag_cable_name =~ "Digilent Nexys4DDR 210292A4BA3FA" && level==0 && jtag_device_ctx=="jsn-Nexys4DDR-210292A4BA3FA-13631093-0"}' command is executed.
21:26:41 INFO  : Device configured successfully with "C:/Users/andrew_clinkenbeard1/Box/SOC/project_workspace/final_app/_ide/bitstream/download.bit"
21:28:25 INFO  : Checking for BSP changes to sync application flags for project 'final_app'...
21:28:57 INFO  : Bit file 'C:/Users/andrew_clinkenbeard1/Box/SOC/project_workspace/final_app/_ide/bitstream/download.bit' is generated.
21:28:57 INFO  : Connected to target on host '127.0.0.1' and port '3121'.
21:28:58 INFO  : 'targets -set -filter {jtag_cable_name =~ "Digilent Nexys4DDR 210292A4BA3FA" && level==0 && jtag_device_ctx=="jsn-Nexys4DDR-210292A4BA3FA-13631093-0"}' command is executed.
21:28:58 INFO  : Device configured successfully with "C:/Users/andrew_clinkenbeard1/Box/SOC/project_workspace/final_app/_ide/bitstream/download.bit"
21:30:11 INFO  : Checking for BSP changes to sync application flags for project 'final_app'...
21:31:01 INFO  : Bit file 'C:/Users/andrew_clinkenbeard1/Box/SOC/project_workspace/final_app/_ide/bitstream/download.bit' is generated.
21:31:01 INFO  : Connected to target on host '127.0.0.1' and port '3121'.
21:31:01 INFO  : 'targets -set -filter {jtag_cable_name =~ "Digilent Nexys4DDR 210292A4BA3FA" && level==0 && jtag_device_ctx=="jsn-Nexys4DDR-210292A4BA3FA-13631093-0"}' command is executed.
21:31:02 INFO  : Device configured successfully with "C:/Users/andrew_clinkenbeard1/Box/SOC/project_workspace/final_app/_ide/bitstream/download.bit"
21:31:59 INFO  : Checking for BSP changes to sync application flags for project 'final_app'...
21:32:30 INFO  : Bit file 'C:/Users/andrew_clinkenbeard1/Box/SOC/project_workspace/final_app/_ide/bitstream/download.bit' is generated.
21:32:30 INFO  : Connected to target on host '127.0.0.1' and port '3121'.
21:32:30 INFO  : 'targets -set -filter {jtag_cable_name =~ "Digilent Nexys4DDR 210292A4BA3FA" && level==0 && jtag_device_ctx=="jsn-Nexys4DDR-210292A4BA3FA-13631093-0"}' command is executed.
21:32:31 INFO  : Device configured successfully with "C:/Users/andrew_clinkenbeard1/Box/SOC/project_workspace/final_app/_ide/bitstream/download.bit"
21:36:43 INFO  : Checking for BSP changes to sync application flags for project 'final_app'...
21:38:00 INFO  : Bit file 'C:/Users/andrew_clinkenbeard1/Box/SOC/project_workspace/final_app/_ide/bitstream/download.bit' is generated.
21:38:00 INFO  : Connected to target on host '127.0.0.1' and port '3121'.
21:38:00 INFO  : 'targets -set -filter {jtag_cable_name =~ "Digilent Nexys4DDR 210292A4BA3FA" && level==0 && jtag_device_ctx=="jsn-Nexys4DDR-210292A4BA3FA-13631093-0"}' command is executed.
21:38:01 INFO  : Device configured successfully with "C:/Users/andrew_clinkenbeard1/Box/SOC/project_workspace/final_app/_ide/bitstream/download.bit"
21:39:14 INFO  : Checking for BSP changes to sync application flags for project 'final_app'...
21:41:08 INFO  : Checking for BSP changes to sync application flags for project 'final_app'...
21:41:32 INFO  : Checking for BSP changes to sync application flags for project 'final_app'...
21:42:19 INFO  : Checking for BSP changes to sync application flags for project 'final_app'...
21:42:50 INFO  : Bit file 'C:/Users/andrew_clinkenbeard1/Box/SOC/project_workspace/final_app/_ide/bitstream/download.bit' is generated.
21:42:50 INFO  : Connected to target on host '127.0.0.1' and port '3121'.
21:42:50 INFO  : 'targets -set -filter {jtag_cable_name =~ "Digilent Nexys4DDR 210292A4BA3FA" && level==0 && jtag_device_ctx=="jsn-Nexys4DDR-210292A4BA3FA-13631093-0"}' command is executed.
21:42:51 INFO  : Device configured successfully with "C:/Users/andrew_clinkenbeard1/Box/SOC/project_workspace/final_app/_ide/bitstream/download.bit"
21:44:21 INFO  : Checking for BSP changes to sync application flags for project 'final_app'...
21:44:49 INFO  : Bit file 'C:/Users/andrew_clinkenbeard1/Box/SOC/project_workspace/final_app/_ide/bitstream/download.bit' is generated.
21:44:49 INFO  : Connected to target on host '127.0.0.1' and port '3121'.
21:44:49 INFO  : 'targets -set -filter {jtag_cable_name =~ "Digilent Nexys4DDR 210292A4BA3FA" && level==0 && jtag_device_ctx=="jsn-Nexys4DDR-210292A4BA3FA-13631093-0"}' command is executed.
21:44:50 INFO  : Device configured successfully with "C:/Users/andrew_clinkenbeard1/Box/SOC/project_workspace/final_app/_ide/bitstream/download.bit"
21:50:19 INFO  : Checking for BSP changes to sync application flags for project 'final_app'...
21:50:48 INFO  : Bit file 'C:/Users/andrew_clinkenbeard1/Box/SOC/project_workspace/final_app/_ide/bitstream/download.bit' is generated.
21:50:48 INFO  : Connected to target on host '127.0.0.1' and port '3121'.
21:50:48 INFO  : 'targets -set -filter {jtag_cable_name =~ "Digilent Nexys4DDR 210292A4BA3FA" && level==0 && jtag_device_ctx=="jsn-Nexys4DDR-210292A4BA3FA-13631093-0"}' command is executed.
21:50:49 INFO  : Device configured successfully with "C:/Users/andrew_clinkenbeard1/Box/SOC/project_workspace/final_app/_ide/bitstream/download.bit"
21:52:47 INFO  : Checking for BSP changes to sync application flags for project 'final_app'...
21:53:22 INFO  : Bit file 'C:/Users/andrew_clinkenbeard1/Box/SOC/project_workspace/final_app/_ide/bitstream/download.bit' is generated.
21:53:22 INFO  : Connected to target on host '127.0.0.1' and port '3121'.
21:53:22 INFO  : 'targets -set -filter {jtag_cable_name =~ "Digilent Nexys4DDR 210292A4BA3FA" && level==0 && jtag_device_ctx=="jsn-Nexys4DDR-210292A4BA3FA-13631093-0"}' command is executed.
21:53:23 INFO  : Device configured successfully with "C:/Users/andrew_clinkenbeard1/Box/SOC/project_workspace/final_app/_ide/bitstream/download.bit"
21:57:11 INFO  : Checking for BSP changes to sync application flags for project 'final_app'...
21:57:22 INFO  : Checking for BSP changes to sync application flags for project 'final_app'...
21:58:16 INFO  : Bit file 'C:/Users/andrew_clinkenbeard1/Box/SOC/project_workspace/final_app/_ide/bitstream/download.bit' is generated.
21:58:16 INFO  : Connected to target on host '127.0.0.1' and port '3121'.
21:58:16 INFO  : 'targets -set -filter {jtag_cable_name =~ "Digilent Nexys4DDR 210292A4BA3FA" && level==0 && jtag_device_ctx=="jsn-Nexys4DDR-210292A4BA3FA-13631093-0"}' command is executed.
21:58:17 INFO  : Device configured successfully with "C:/Users/andrew_clinkenbeard1/Box/SOC/project_workspace/final_app/_ide/bitstream/download.bit"
21:59:01 INFO  : Checking for BSP changes to sync application flags for project 'final_app'...
21:59:30 INFO  : Bit file 'C:/Users/andrew_clinkenbeard1/Box/SOC/project_workspace/final_app/_ide/bitstream/download.bit' is generated.
21:59:30 INFO  : Connected to target on host '127.0.0.1' and port '3121'.
21:59:30 INFO  : 'targets -set -filter {jtag_cable_name =~ "Digilent Nexys4DDR 210292A4BA3FA" && level==0 && jtag_device_ctx=="jsn-Nexys4DDR-210292A4BA3FA-13631093-0"}' command is executed.
21:59:31 INFO  : Device configured successfully with "C:/Users/andrew_clinkenbeard1/Box/SOC/project_workspace/final_app/_ide/bitstream/download.bit"
22:00:56 INFO  : Checking for BSP changes to sync application flags for project 'final_app'...
22:01:33 INFO  : Bit file 'C:/Users/andrew_clinkenbeard1/Box/SOC/project_workspace/final_app/_ide/bitstream/download.bit' is generated.
22:01:33 INFO  : Connected to target on host '127.0.0.1' and port '3121'.
22:01:33 INFO  : 'targets -set -filter {jtag_cable_name =~ "Digilent Nexys4DDR 210292A4BA3FA" && level==0 && jtag_device_ctx=="jsn-Nexys4DDR-210292A4BA3FA-13631093-0"}' command is executed.
22:01:34 INFO  : Device configured successfully with "C:/Users/andrew_clinkenbeard1/Box/SOC/project_workspace/final_app/_ide/bitstream/download.bit"
22:03:21 INFO  : Checking for BSP changes to sync application flags for project 'final_app'...
22:03:50 INFO  : Bit file 'C:/Users/andrew_clinkenbeard1/Box/SOC/project_workspace/final_app/_ide/bitstream/download.bit' is generated.
22:03:50 INFO  : Connected to target on host '127.0.0.1' and port '3121'.
22:03:50 INFO  : 'targets -set -filter {jtag_cable_name =~ "Digilent Nexys4DDR 210292A4BA3FA" && level==0 && jtag_device_ctx=="jsn-Nexys4DDR-210292A4BA3FA-13631093-0"}' command is executed.
22:03:50 INFO  : Device configured successfully with "C:/Users/andrew_clinkenbeard1/Box/SOC/project_workspace/final_app/_ide/bitstream/download.bit"
22:04:38 INFO  : Checking for BSP changes to sync application flags for project 'final_app'...
22:05:06 INFO  : Bit file 'C:/Users/andrew_clinkenbeard1/Box/SOC/project_workspace/final_app/_ide/bitstream/download.bit' is generated.
22:05:07 INFO  : Connected to target on host '127.0.0.1' and port '3121'.
22:05:07 INFO  : 'targets -set -filter {jtag_cable_name =~ "Digilent Nexys4DDR 210292A4BA3FA" && level==0 && jtag_device_ctx=="jsn-Nexys4DDR-210292A4BA3FA-13631093-0"}' command is executed.
22:05:07 INFO  : Device configured successfully with "C:/Users/andrew_clinkenbeard1/Box/SOC/project_workspace/final_app/_ide/bitstream/download.bit"
22:06:42 INFO  : Checking for BSP changes to sync application flags for project 'final_app'...
22:07:09 INFO  : Bit file 'C:/Users/andrew_clinkenbeard1/Box/SOC/project_workspace/final_app/_ide/bitstream/download.bit' is generated.
22:07:09 INFO  : Connected to target on host '127.0.0.1' and port '3121'.
22:07:09 INFO  : 'targets -set -filter {jtag_cable_name =~ "Digilent Nexys4DDR 210292A4BA3FA" && level==0 && jtag_device_ctx=="jsn-Nexys4DDR-210292A4BA3FA-13631093-0"}' command is executed.
22:07:10 INFO  : Device configured successfully with "C:/Users/andrew_clinkenbeard1/Box/SOC/project_workspace/final_app/_ide/bitstream/download.bit"
13:59:20 INFO  : Launching XSCT server: xsct.bat -n  -interactive C:\Users\andrew_clinkenbeard1\Box\SOC\project_workspace\temp_xsdb_launch_script.tcl
13:59:20 INFO  : Registering command handlers for Vitis TCF services
13:59:25 INFO  : XSCT server has started successfully.
13:59:27 INFO  : plnx-install-location is set to ''
13:59:27 INFO  : Successfully done setting XSCT server connection channel  
13:59:27 INFO  : Successfully done query RDI_DATADIR 
13:59:27 INFO  : Successfully done setting workspace for the tool. 
13:59:36 INFO  : Platform repository initialization has completed.
